This file contains any messages produced by compilers while
running configure, to aid debugging if configure makes a mistake.

It was created by configure, which was
generated by GNU Autoconf 2.65.  Invocation command line was

  $ auto/configure --enable-rubyinterp=yes --enable-pythoninterp --with-ruby-command=ruby-1.9 --enable-conceal --srcdir=. --cache-file=auto/config.cache

## --------- ##
## Platform. ##
## --------- ##

hostname = localhost
uname -m = i686
uname -r = 3.9.8-1-ARCH
uname -s = Linux
uname -v = #1 SMP PREEMPT Fri Jun 28 07:43:59 CEST 2013

/usr/bin/uname -p = unknown
/bin/uname -X     = unknown

/bin/arch              = unknown
/usr/bin/arch -k       = unknown
/usr/convex/getsysinfo = unknown
/usr/bin/hostinfo      = unknown
/bin/machine           = unknown
/usr/bin/oslevel       = unknown
/bin/universe          = unknown

PATH: /home/tomic/perl5/bin
PATH: /home/tomic/bin
PATH: /home/tomic/perl5/bin
PATH: /home/tomic/bin
PATH: /usr/local/sbin
PATH: /usr/local/bin
PATH: /usr/bin
PATH: /opt/android-sdk/tools
PATH: /usr/bin/vendor_perl
PATH: /usr/bin/core_perl


## ----------- ##
## Core tests. ##
## ----------- ##

configure:2478: loading cache auto/config.cache
configure:2564: checking whether make sets $(MAKE)
configure:2586: result: yes
configure:2644: checking for gcc
configure:2671: result: gcc
configure:2900: checking for C compiler version
configure:2909: gcc --version >&5
gcc (GCC) 4.8.1
Copyright (C) 2013 Free Software Foundation, Inc.
This is free software; see the source for copying conditions.  There is NO
warranty; not even for MERCHANTABILITY or FITNESS FOR A PARTICULAR PURPOSE.

configure:2920: $? = 0
configure:2909: gcc -v >&5
Using built-in specs.
COLLECT_GCC=gcc
COLLECT_LTO_WRAPPER=/usr/lib/gcc/i686-pc-linux-gnu/4.8.1/lto-wrapper
Target: i686-pc-linux-gnu
Configured with: /build/gcc/src/gcc-4.8.1/configure --prefix=/usr --libdir=/usr/lib --libexecdir=/usr/lib --mandir=/usr/share/man --infodir=/usr/share/info --with-bugurl=https://bugs.archlinux.org/ --enable-languages=c,c++,ada,fortran,go,lto,objc,obj-c++ --enable-shared --enable-threads=posix --with-system-zlib --enable-__cxa_atexit --disable-libunwind-exceptions --enable-clocale=gnu --disable-libstdcxx-pch --enable-gnu-unique-object --enable-linker-build-id --enable-cloog-backend=isl --disable-cloog-version-check --enable-lto --enable-gold --enable-ld=default --enable-plugin --with-plugin-ld=ld.gold --with-linker-hash-style=gnu --disable-install-libiberty --disable-multilib --disable-libssp --disable-werror --enable-checking=release
Thread model: posix
gcc version 4.8.1 (GCC) 
configure:2920: $? = 0
configure:2909: gcc -V >&5
gcc: error: unrecognized command line option '-V'
gcc: fatal error: no input files
compilation terminated.
configure:2920: $? = 1
configure:2909: gcc -qversion >&5
gcc: error: unrecognized command line option '-qversion'
gcc: fatal error: no input files
compilation terminated.
configure:2920: $? = 1
configure:2940: checking whether the C compiler works
configure:2962: gcc    conftest.c  >&5
configure:2966: $? = 0
configure:3015: result: yes
configure:3018: checking for C compiler default output file name
configure:3020: result: a.out
configure:3026: checking for suffix of executables
configure:3033: gcc -o conftest    conftest.c  >&5
configure:3037: $? = 0
configure:3059: result: 
configure:3081: checking whether we are cross compiling
configure:3089: gcc -o conftest    conftest.c  >&5
configure:3093: $? = 0
configure:3100: ./conftest
configure:3104: $? = 0
configure:3119: result: no
configure:3124: checking for suffix of object files
configure:3171: result: o
configure:3175: checking whether we are using the GNU C compiler
configure:3203: result: yes
configure:3212: checking whether gcc accepts -g
configure:3273: result: yes
configure:3290: checking for gcc option to accept ISO C89
configure:3367: result: none needed
configure:3391: checking how to run the C preprocessor
configure:3461: result: gcc -E
configure:3481: gcc -E  conftest.c
configure:3481: $? = 0
configure:3495: gcc -E  conftest.c
conftest.c:10:28: fatal error: ac_nonexistent.h: No such file or directory
 #include <ac_nonexistent.h>
                            ^
compilation terminated.
configure:3495: $? = 1
configure: failed program was:
| /* confdefs.h */
| #define PACKAGE_NAME ""
| #define PACKAGE_TARNAME ""
| #define PACKAGE_VERSION ""
| #define PACKAGE_STRING ""
| #define PACKAGE_BUGREPORT ""
| #define PACKAGE_URL ""
| #define UNIX 1
| /* end confdefs.h.  */
| #include <ac_nonexistent.h>
configure:3524: checking for grep that handles long lines and -e
configure:3582: result: /usr/bin/grep
configure:3587: checking for egrep
configure:3649: result: /usr/bin/grep -E
configure:3663: checking for library containing strerror
configure:3711: result: none required
configure:3722: checking for gawk
configure:3749: result: gawk
configure:3762: checking for strip
configure:3790: result: strip
configure:3801: checking for ANSI C header files
configure:3905: result: yes
configure:3913: checking for sys/wait.h that is POSIX.1 compatible
configure:3946: result: yes
configure:3956: checking --enable-fail-if-missing argument
configure:3965: result: no
configure:3996: checking for buggy tools...
configure:4003: checking for BeOS
configure:4009: result: no
configure:4013: checking for QNX
configure:4020: result: no
configure:4024: checking for Darwin (Mac OS X)
configure:4240: result: no
configure:4248: checking --with-local-dir argument
configure:4272: result: Defaulting to /usr/local
configure:4297: checking --with-vim-name argument
configure:4305: result: Defaulting to vim
configure:4310: checking --with-ex-name argument
configure:4318: result: Defaulting to ex
configure:4323: checking --with-view-name argument
configure:4331: result: Defaulting to view
configure:4337: checking --with-global-runtime argument
configure:4348: result: no
configure:4353: checking --with-modified-by argument
configure:4364: result: no
configure:4369: checking if character set is EBCDIC
configure:4388: gcc -c -g -O2  -I/usr/local/include conftest.c >&5
conftest.c: In function 'main':
conftest.c:21:1: error: unknown type name 'make'
 make an error "Character set is not EBCDIC"
 ^
conftest.c:21:9: error: expected '=', ',', ';', 'asm' or '__attribute__' before 'error'
 make an error "Character set is not EBCDIC"
         ^
configure:4388: $? = 1
configure: failed program was:
| /* confdefs.h */
| #define PACKAGE_NAME ""
| #define PACKAGE_TARNAME ""
| #define PACKAGE_VERSION ""
| #define PACKAGE_STRING ""
| #define PACKAGE_BUGREPORT ""
| #define PACKAGE_URL ""
| #define UNIX 1
| #define STDC_HEADERS 1
| #define HAVE_SYS_WAIT_H 1
| /* end confdefs.h.  */
| 
| int
| main ()
| {
|  /* TryCompile function for CharSet.
|    Treat any failure as ASCII for compatibility with existing art.
|    Use compile-time rather than run-time tests for cross-compiler
|    tolerance.  */
| #if '0'!=240
| make an error "Character set is not EBCDIC"
| #endif
|   ;
|   return 0;
| }
configure:4398: result: no
configure:4459: checking --disable-selinux argument
configure:4469: result: no
configure:4471: checking for is_selinux_enabled in -lselinux
configure:4505: result: no
configure:4519: checking --with-features argument
configure:4527: result: Defaulting to normal
configure:4555: checking --with-compiledby argument
configure:4563: result: no
configure:4569: checking --disable-xsmp argument
configure:4580: result: no
configure:4582: checking --disable-xsmp-interact argument
configure:4592: result: no
configure:4605: checking --enable-luainterp argument
configure:4614: result: no
configure:4765: checking --enable-mzschemeinterp argument
configure:4774: result: no
configure:5019: checking --enable-perlinterp argument
configure:5028: result: no
configure:5205: checking --enable-pythoninterp argument
configure:5214: result: yes
configure:5221: checking for python2
configure:5251: result: /usr/bin/python2
configure:5264: checking Python version
configure:5273: result: 2.7
configure:5276: checking Python is 1.4 or better
configure:5281: result: yep
configure:5284: checking Python's install prefix
configure:5293: result: /usr
configure:5296: checking Python's execution prefix
configure:5305: result: /usr
configure:5327: checking Python's configuration directory
configure:5344: result: /usr/lib/python2.7/config
configure:5403: checking if -pthread should be used
configure:5430: gcc -o conftest -g -O2 -pthread  -I/usr/local/include  -L/usr/local/lib conftest.c   >&5
configure:5430: $? = 0
configure:5431: result: yes
configure:5446: checking if compile and link flags for Python are sane
configure:5463: gcc -o conftest -g -O2 -I/usr/include/python2.7 -DPYTHON_HOME=\"/usr\" -pthread  -I/usr/local/include  -L/usr/local/lib conftest.c   -L/usr/lib/python2.7/config -lpython2.7 -lpthread -ldl -lutil -lm -Xlinker -export-dynamic >&5
<command-line>:0:14: warning: missing terminating " character [enabled by default]
configure:5463: $? = 0
configure:5464: result: yes
configure:5505: checking --enable-python3interp argument
configure:5514: result: no
configure:5954: checking --enable-tclinterp argument
configure:5963: result: no
configure:6297: checking --enable-rubyinterp argument
configure:6306: result: yes
configure:6309: checking --with-ruby-command argument
configure:6315: result: ruby-1.9
configure:6324: checking for ruby-1.9
configure:6354: result: /usr/bin/ruby
configure:6363: checking Ruby version
configure:6366: result: OK
configure:6368: checking Ruby rbconfig
configure:6374: result: RbConfig
configure:6376: checking Ruby header files
configure:6380: result: /usr/include/ruby-2.0.0
configure:6446: checking --enable-cscope argument
configure:6455: result: no
configure:6462: checking --enable-workshop argument
configure:6471: result: no
configure:6485: checking --disable-netbeans argument
configure:6495: result: no
configure:6497: checking for socket in -lsocket
configure:6531: result: no
configure:6542: checking for gethostbyname in -lnsl
configure:6576: result: yes
configure:6587: checking whether compiling netbeans integration is possible
configure:6623: gcc -o conftest -g -O2  -I/usr/local/include -L. -Wl,-O1,--sort-common,--as-needed,-z,relro -fstack-protector -rdynamic -Wl,-export-dynamic  -L/usr/local/lib conftest.c -lnsl   >&5
configure:6623: $? = 0
configure:6624: result: yes
configure:6645: checking --enable-sniff argument
configure:6654: result: no
configure:6665: checking --enable-multibyte argument
configure:6674: result: no
configure:6681: checking --enable-hangulinput argument
configure:6690: result: no
configure:6693: checking --enable-xim argument
configure:6700: result: defaulting to auto
configure:6705: checking --enable-fontset argument
configure:6714: result: no
configure:6726: checking for xmkmf
configure:6759: result: no
configure:6765: checking for X
configure:6954: result: libraries , headers 
configure:7053: gcc -o conftest -g -O2  -I/usr/local/include -L. -Wl,-O1,--sort-common,--as-needed,-z,relro -fstack-protector -rdynamic -Wl,-export-dynamic  -L/usr/local/lib conftest.c -lnsl    -lX11 >&5
configure:7053: $? = 0
configure:7151: checking for gethostbyname
configure:7151: result: yes
configure:7248: checking for connect
configure:7248: result: yes
configure:7297: checking for remove
configure:7297: result: yes
configure:7346: checking for shmat
configure:7346: result: yes
configure:7404: checking for IceConnectionNumber in -lICE
configure:7438: result: yes
configure:7479: checking if X11 header files can be found
configure:7495: gcc -c -g -O2    -I/usr/local/include conftest.c >&5
configure:7495: $? = 0
configure:7496: result: yes
configure:7516: checking for _XdmcpAuthDoIt in -lXdmcp
configure:7550: result: yes
configure:7557: checking for IceOpenConnection in -lICE
configure:7591: result: yes
configure:7599: checking for XpmCreatePixmapFromData in -lXpm
configure:7633: result: yes
configure:7640: checking if X11 header files implicitly declare return values
configure:7655: gcc -c -g -O2   -Werror  -I/usr/local/include conftest.c >&5
configure:7655: $? = 0
configure:7656: result: no
configure:7687: checking size of wchar_t is 2 bytes
configure:7721: result: no
configure:7733: checking --enable-gui argument
configure:7795: result: yes/auto - automatic GUI support
configure:7827: checking whether or not to look for GTK+ 2
configure:7836: result: yes
configure:7845: checking whether or not to look for GNOME
configure:7854: result: no
configure:7862: checking whether or not to look for Motif
configure:7871: result: yes
configure:7879: checking whether or not to look for Athena
configure:7888: result: yes
configure:7896: checking whether or not to look for neXtaw
configure:7905: result: yes
configure:7913: checking whether or not to look for Carbon
configure:7922: result: yes
configure:7970: checking --disable-gtktest argument
configure:7980: result: gtk test enabled
configure:7990: checking for pkg-config
configure:8021: result: /usr/bin/pkg-config
configure:8036: checking for GTK - version >= 2.2.0
configure:8103: gcc -o conftest -g -O2 -pthread -I/usr/include/gtk-2.0 -I/usr/lib/gtk-2.0/include -I/usr/include/pango-1.0 -I/usr/include/atk-1.0 -I/usr/include/cairo -I/usr/include/pixman-1 -I/usr/include/libdrm -I/usr/include/libpng16 -I/usr/include/gdk-pixbuf-2.0 -I/usr/include/libpng16 -I/usr/include/pango-1.0 -I/usr/include/harfbuzz -I/usr/include/pango-1.0 -I/usr/include/glib-2.0 -I/usr/lib/glib-2.0/include -I/usr/include/freetype2   -I/usr/local/include -L. -Wl,-O1,--sort-common,--as-needed,-z,relro -fstack-protector -rdynamic -Wl,-export-dynamic  -L/usr/local/lib conftest.c -lnsl   -lgtk-x11-2.0 -lgdk-x11-2.0 -lpangocairo-1.0 -latk-1.0 -lcairo -lgdk_pixbuf-2.0 -lgio-2.0 -lpangoft2-1.0 -lpango-1.0 -lgobject-2.0 -lglib-2.0 -lfreetype -lfontconfig  >&5
configure:8103: $? = 0
configure:8103: ./conftest
configure:8103: $? = 0
configure:8118: result: yes; found version 2.24.19
configure:8655: checking for X11/SM/SMlib.h
configure:8655: result: yes
configure:8675: checking for X11/xpm.h
configure:8675: result: yes
configure:8675: checking for X11/Sunkeysym.h
configure:8675: result: yes
configure:8688: checking for XIMText in X11/Xlib.h
configure:8696: result: yes
configure:8709: result: X GUI selected; xim has been enabled
configure:8859: checking whether toupper is broken
configure:8896: result: no
configure:8904: checking whether __DATE__ and __TIME__ work
configure:8917: gcc -c -g -O2  -I/usr/local/include conftest.c >&5
configure:8917: $? = 0
configure:8918: result: yes
configure:8927: checking whether __attribute__((unused)) is allowed
configure:8940: gcc -c -g -O2  -I/usr/local/include conftest.c >&5
configure:8940: $? = 0
configure:8941: result: yes
configure:8950: checking for elf.h
configure:8950: result: yes
configure:8957: checking for main in -lelf
configure:8985: result: no
configure:9001: checking for dirent.h that defines DIR
configure:9028: result: yes
configure:9042: checking for library containing opendir
configure:9090: result: none required
configure:9198: checking for stdarg.h
configure:9198: result: yes
configure:9198: checking for stdint.h
configure:9198: result: yes
configure:9198: checking for stdlib.h
configure:9198: result: yes
configure:9198: checking for string.h
configure:9198: result: yes
configure:9198: checking for sys/select.h
configure:9198: result: yes
configure:9198: checking for sys/utsname.h
configure:9198: result: yes
configure:9198: checking for termcap.h
configure:9198: result: yes
configure:9198: checking for fcntl.h
configure:9198: result: yes
configure:9198: checking for sgtty.h
configure:9198: result: yes
configure:9198: checking for sys/ioctl.h
configure:9198: result: yes
configure:9198: checking for sys/time.h
configure:9198: result: yes
configure:9198: checking for sys/types.h
configure:9198: result: yes
configure:9198: checking for termio.h
configure:9198: result: yes
configure:9198: checking for iconv.h
configure:9198: result: yes
configure:9198: checking for inttypes.h
configure:9198: result: yes
configure:9198: checking for langinfo.h
configure:9198: result: yes
configure:9198: checking for math.h
configure:9198: result: yes
configure:9198: checking for unistd.h
configure:9198: result: yes
configure:9198: checking for stropts.h
configure:9198: result: yes
configure:9198: checking for errno.h
configure:9198: result: yes
configure:9198: checking for sys/resource.h
configure:9198: result: yes
configure:9198: checking for sys/systeminfo.h
configure:9198: result: no
configure:9198: checking for locale.h
configure:9198: result: yes
configure:9198: checking for sys/stream.h
configure:9198: result: no
configure:9198: checking for termios.h
configure:9198: result: yes
configure:9198: checking for libc.h
configure:9198: result: no
configure:9198: checking for sys/statfs.h
configure:9198: result: yes
configure:9198: checking for poll.h
configure:9198: result: yes
configure:9198: checking for sys/poll.h
configure:9198: result: yes
configure:9198: checking for pwd.h
configure:9198: result: yes
configure:9198: checking for utime.h
configure:9198: result: yes
configure:9198: checking for sys/param.h
configure:9198: result: yes
configure:9198: checking for libintl.h
configure:9198: result: yes
configure:9198: checking for libgen.h
configure:9198: result: yes
configure:9198: checking for util/debug.h
configure:9198: result: no
configure:9198: checking for util/msg18n.h
configure:9198: result: no
configure:9198: checking for frame.h
configure:9198: result: no
configure:9198: checking for sys/acl.h
configure:9198: result: yes
configure:9198: checking for sys/access.h
configure:9198: result: no
configure:9198: checking for sys/sysinfo.h
configure:9198: result: yes
configure:9198: checking for wchar.h
configure:9198: result: yes
configure:9198: checking for wctype.h
configure:9198: result: yes
configure:9212: checking for sys/ptem.h
configure:9212: result: no
configure:9228: checking for sys/sysctl.h
configure:9228: result: yes
configure:9243: checking for pthread_np.h
configure:9258: gcc -c -g -O2  -I/usr/local/include conftest.c >&5
conftest.c:65:24: fatal error: pthread_np.h: No such file or directory
 #include <pthread_np.h>
                        ^
compilation terminated.
configure:9258: $? = 1
configure: failed program was:
| /* confdefs.h */
| #define PACKAGE_NAME ""
| #define PACKAGE_TARNAME ""
| #define PACKAGE_VERSION ""
| #define PACKAGE_STRING ""
| #define PACKAGE_BUGREPORT ""
| #define PACKAGE_URL ""
| #define UNIX 1
| #define STDC_HEADERS 1
| #define HAVE_SYS_WAIT_H 1
| #define FEAT_NORMAL 1
| #define USE_XSMP_INTERACT 1
| #define FEAT_PYTHON 1
| #define FEAT_RUBY 1
| #define HAVE_LIBNSL 1
| #define FEAT_NETBEANS_INTG 1
| #define HAVE_X11 1
| #define HAVE_GTK_MULTIHEAD 1
| #define HAVE_X11_SM_SMLIB_H 1
| #define HAVE_X11_XPM_H 1
| #define HAVE_X11_SUNKEYSYM_H 1
| #define FEAT_XIM 1
| #define HAVE_DATE_TIME 1
| #define HAVE_ATTRIBUTE_UNUSED 1
| #define HAVE_DIRENT_H 1
| #define HAVE_STDARG_H 1
| #define HAVE_STDINT_H 1
| #define HAVE_STDLIB_H 1
| #define HAVE_STRING_H 1
| #define HAVE_SYS_SELECT_H 1
| #define HAVE_SYS_UTSNAME_H 1
| #define HAVE_TERMCAP_H 1
| #define HAVE_FCNTL_H 1
| #define HAVE_SGTTY_H 1
| #define HAVE_SYS_IOCTL_H 1
| #define HAVE_SYS_TIME_H 1
| #define HAVE_SYS_TYPES_H 1
| #define HAVE_TERMIO_H 1
| #define HAVE_ICONV_H 1
| #define HAVE_INTTYPES_H 1
| #define HAVE_LANGINFO_H 1
| #define HAVE_MATH_H 1
| #define HAVE_UNISTD_H 1
| #define HAVE_STROPTS_H 1
| #define HAVE_ERRNO_H 1
| #define HAVE_SYS_RESOURCE_H 1
| #define HAVE_LOCALE_H 1
| #define HAVE_TERMIOS_H 1
| #define HAVE_SYS_STATFS_H 1
| #define HAVE_POLL_H 1
| #define HAVE_SYS_POLL_H 1
| #define HAVE_PWD_H 1
| #define HAVE_UTIME_H 1
| #define HAVE_SYS_PARAM_H 1
| #define HAVE_LIBINTL_H 1
| #define HAVE_LIBGEN_H 1
| #define HAVE_SYS_ACL_H 1
| #define HAVE_SYS_SYSINFO_H 1
| #define HAVE_WCHAR_H 1
| #define HAVE_WCTYPE_H 1
| #define HAVE_SYS_SYSCTL_H 1
| /* end confdefs.h.  */
| 
| #include <pthread.h>
| #include <pthread_np.h>
| int
| main ()
| {
| int i; i = 0;
|   ;
|   return 0;
| }
configure:9264: result: no
configure:9271: checking for strings.h
configure:9271: result: yes
configure:9286: checking if strings.h can be included after string.h
configure:9315: gcc -c -g -O2  -I/usr/local/include   conftest.c >&5
configure:9315: $? = 0
configure:9316: result: yes
configure:9329: checking whether gcc needs -traditional
configure:9363: result: no
configure:9370: checking for an ANSI C-conforming const
configure:9442: result: yes
configure:9450: checking for working volatile
configure:9476: result: yes
configure:9484: checking for mode_t
configure:9484: result: yes
configure:9495: checking for off_t
configure:9495: result: yes
configure:9506: checking for pid_t
configure:9506: result: yes
configure:9517: checking for size_t
configure:9517: result: yes
configure:9528: checking for uid_t in sys/types.h
configure:9547: result: yes
configure:9558: checking for uint32_t
configure:9558: result: yes
configure:9573: checking whether time.h and sys/time.h may both be included
configure:9600: result: yes
configure:9608: checking for ino_t
configure:9608: result: yes
configure:9619: checking for dev_t
configure:9619: result: yes
configure:9630: checking whether byte ordering is bigendian
configure:9836: result: no
configure:9855: checking for rlim_t
configure:9858: result: (cached) yes
configure:9891: checking for stack_t
configure:9894: result: (cached) yes
configure:9925: checking whether stack_t has an ss_base field
configure:9946: gcc -c -g -O2  -I/usr/local/include conftest.c >&5
conftest.c: In function 'main':
conftest.c:77:23: error: 'stack_t' has no member named 'ss_base'
 stack_t sigstk; sigstk.ss_base = 0;
                       ^
configure:9946: $? = 1
configure: failed program was:
| /* confdefs.h */
| #define PACKAGE_NAME ""
| #define PACKAGE_TARNAME ""
| #define PACKAGE_VERSION ""
| #define PACKAGE_STRING ""
| #define PACKAGE_BUGREPORT ""
| #define PACKAGE_URL ""
| #define UNIX 1
| #define STDC_HEADERS 1
| #define HAVE_SYS_WAIT_H 1
| #define FEAT_NORMAL 1
| #define USE_XSMP_INTERACT 1
| #define FEAT_PYTHON 1
| #define FEAT_RUBY 1
| #define HAVE_LIBNSL 1
| #define FEAT_NETBEANS_INTG 1
| #define HAVE_X11 1
| #define HAVE_GTK_MULTIHEAD 1
| #define HAVE_X11_SM_SMLIB_H 1
| #define HAVE_X11_XPM_H 1
| #define HAVE_X11_SUNKEYSYM_H 1
| #define FEAT_XIM 1
| #define HAVE_DATE_TIME 1
| #define HAVE_ATTRIBUTE_UNUSED 1
| #define HAVE_DIRENT_H 1
| #define HAVE_STDARG_H 1
| #define HAVE_STDINT_H 1
| #define HAVE_STDLIB_H 1
| #define HAVE_STRING_H 1
| #define HAVE_SYS_SELECT_H 1
| #define HAVE_SYS_UTSNAME_H 1
| #define HAVE_TERMCAP_H 1
| #define HAVE_FCNTL_H 1
| #define HAVE_SGTTY_H 1
| #define HAVE_SYS_IOCTL_H 1
| #define HAVE_SYS_TIME_H 1
| #define HAVE_SYS_TYPES_H 1
| #define HAVE_TERMIO_H 1
| #define HAVE_ICONV_H 1
| #define HAVE_INTTYPES_H 1
| #define HAVE_LANGINFO_H 1
| #define HAVE_MATH_H 1
| #define HAVE_UNISTD_H 1
| #define HAVE_STROPTS_H 1
| #define HAVE_ERRNO_H 1
| #define HAVE_SYS_RESOURCE_H 1
| #define HAVE_LOCALE_H 1
| #define HAVE_TERMIOS_H 1
| #define HAVE_SYS_STATFS_H 1
| #define HAVE_POLL_H 1
| #define HAVE_SYS_POLL_H 1
| #define HAVE_PWD_H 1
| #define HAVE_UTIME_H 1
| #define HAVE_SYS_PARAM_H 1
| #define HAVE_LIBINTL_H 1
| #define HAVE_LIBGEN_H 1
| #define HAVE_SYS_ACL_H 1
| #define HAVE_SYS_SYSINFO_H 1
| #define HAVE_WCHAR_H 1
| #define HAVE_WCTYPE_H 1
| #define HAVE_SYS_SYSCTL_H 1
| #define HAVE_STRINGS_H 1
| #define TIME_WITH_SYS_TIME 1
| /* end confdefs.h.  */
| 
| #include <sys/types.h>
| #if STDC_HEADERS
| # include <stdlib.h>
| # include <stddef.h>
| #endif
| #include <signal.h>
| #include "confdefs.h"
| 
| int
| main ()
| {
| stack_t sigstk; sigstk.ss_base = 0;
|   ;
|   return 0;
| }
configure:9951: result: no
configure:9957: checking --with-tlib argument
configure:9992: result: empty: automatic terminal library selection
configure:10000: checking for tgetent in -ltinfo
configure:10035: result: no
configure:10000: checking for tgetent in -lncurses
configure:10035: result: yes
configure:10063: gcc -o conftest -g -O2  -I/usr/local/include -L. -Wl,-O1,--sort-common,--as-needed,-z,relro -fstack-protector -rdynamic -Wl,-export-dynamic  -L/usr/local/lib conftest.c -lncurses -lnsl   >&5
configure:10063: $? = 0
configure:10063: ./conftest
configure:10063: $? = 0
configure:10112: checking whether we talk terminfo
configure:10156: result: yes
configure:10165: checking what tgetent() returns for an unknown terminal
configure:10206: result: zero
configure:10215: checking whether termcap.h contains ospeed
configure:10232: gcc -o conftest -g -O2  -I/usr/local/include -L. -Wl,-O1,--sort-common,--as-needed,-z,relro -fstack-protector -rdynamic -Wl,-export-dynamic  -L/usr/local/lib conftest.c -lncurses -lnsl   >&5
configure:10232: $? = 0
configure:10233: result: yes
configure:10272: checking whether termcap.h contains UP, BC and PC
configure:10289: gcc -o conftest -g -O2  -I/usr/local/include -L. -Wl,-O1,--sort-common,--as-needed,-z,relro -fstack-protector -rdynamic -Wl,-export-dynamic  -L/usr/local/lib conftest.c -lncurses -lnsl   >&5
configure:10289: $? = 0
configure:10290: result: yes
configure:10329: checking whether tputs() uses outfuntype
configure:10346: gcc -c -g -O2  -I/usr/local/include conftest.c >&5
conftest.c: In function 'main':
conftest.c:78:36: error: 'outfuntype' undeclared (first use in this function)
 extern int xx(); tputs("test", 1, (outfuntype)xx)
                                    ^
conftest.c:78:36: note: each undeclared identifier is reported only once for each function it appears in
conftest.c:78:47: error: expected ')' before 'xx'
 extern int xx(); tputs("test", 1, (outfuntype)xx)
                                               ^
configure:10346: $? = 1
configure: failed program was:
| /* confdefs.h */
| #define PACKAGE_NAME ""
| #define PACKAGE_TARNAME ""
| #define PACKAGE_VERSION ""
| #define PACKAGE_STRING ""
| #define PACKAGE_BUGREPORT ""
| #define PACKAGE_URL ""
| #define UNIX 1
| #define STDC_HEADERS 1
| #define HAVE_SYS_WAIT_H 1
| #define FEAT_NORMAL 1
| #define USE_XSMP_INTERACT 1
| #define FEAT_PYTHON 1
| #define FEAT_RUBY 1
| #define HAVE_LIBNSL 1
| #define FEAT_NETBEANS_INTG 1
| #define HAVE_X11 1
| #define HAVE_GTK_MULTIHEAD 1
| #define HAVE_X11_SM_SMLIB_H 1
| #define HAVE_X11_XPM_H 1
| #define HAVE_X11_SUNKEYSYM_H 1
| #define FEAT_XIM 1
| #define HAVE_DATE_TIME 1
| #define HAVE_ATTRIBUTE_UNUSED 1
| #define HAVE_DIRENT_H 1
| #define HAVE_STDARG_H 1
| #define HAVE_STDINT_H 1
| #define HAVE_STDLIB_H 1
| #define HAVE_STRING_H 1
| #define HAVE_SYS_SELECT_H 1
| #define HAVE_SYS_UTSNAME_H 1
| #define HAVE_TERMCAP_H 1
| #define HAVE_FCNTL_H 1
| #define HAVE_SGTTY_H 1
| #define HAVE_SYS_IOCTL_H 1
| #define HAVE_SYS_TIME_H 1
| #define HAVE_SYS_TYPES_H 1
| #define HAVE_TERMIO_H 1
| #define HAVE_ICONV_H 1
| #define HAVE_INTTYPES_H 1
| #define HAVE_LANGINFO_H 1
| #define HAVE_MATH_H 1
| #define HAVE_UNISTD_H 1
| #define HAVE_STROPTS_H 1
| #define HAVE_ERRNO_H 1
| #define HAVE_SYS_RESOURCE_H 1
| #define HAVE_LOCALE_H 1
| #define HAVE_TERMIOS_H 1
| #define HAVE_SYS_STATFS_H 1
| #define HAVE_POLL_H 1
| #define HAVE_SYS_POLL_H 1
| #define HAVE_PWD_H 1
| #define HAVE_UTIME_H 1
| #define HAVE_SYS_PARAM_H 1
| #define HAVE_LIBINTL_H 1
| #define HAVE_LIBGEN_H 1
| #define HAVE_SYS_ACL_H 1
| #define HAVE_SYS_SYSINFO_H 1
| #define HAVE_WCHAR_H 1
| #define HAVE_WCTYPE_H 1
| #define HAVE_SYS_SYSCTL_H 1
| #define HAVE_STRINGS_H 1
| #define TIME_WITH_SYS_TIME 1
| #define HAVE_LIBNCURSES 1
| #define TERMINFO 1
| #define TGETENT_ZERO_ERR 0
| #define HAVE_OSPEED 1
| #define HAVE_UP_BC_PC 1
| /* end confdefs.h.  */
| 
| #ifdef HAVE_TERMCAP_H
| # include <termcap.h>
| #endif
| 
| int
| main ()
| {
| extern int xx(); tputs("test", 1, (outfuntype)xx)
|   ;
|   return 0;
| }
configure:10351: result: no
configure:10356: checking whether sys/select.h and sys/time.h may both be included
configure:10372: gcc -c -g -O2  -I/usr/local/include conftest.c >&5
configure:10372: $? = 0
configure:10373: result: yes
configure:10384: checking for /dev/ptc
configure:10392: result: no
configure:10396: checking for SVR4 ptys
configure:10410: gcc -o conftest -g -O2  -I/usr/local/include -L. -Wl,-O1,--sort-common,--as-needed,-z,relro -fstack-protector -rdynamic -Wl,-export-dynamic  -L/usr/local/lib conftest.c -lncurses -lnsl   >&5
configure:10410: $? = 0
configure:10411: result: yes
configure:10425: checking for ptyranges
configure:10461: result: don't know
configure:10466: checking default tty permissions/group
configure:10545: result: world
configure:10563: checking return type of signal handlers
configure:10588: result: void
configure:10605: checking for struct sigcontext
configure:10625: gcc -c -g -O2  -I/usr/local/include conftest.c >&5
configure:10625: $? = 0
configure:10626: result: yes
configure:10636: checking getcwd implementation is broken
configure:10679: result: no
configure:10696: checking for bcmp
configure:10696: result: yes
configure:10696: checking for fchdir
configure:10696: result: yes
configure:10696: checking for fchown
configure:10696: result: yes
configure:10696: checking for fsync
configure:10696: result: yes
configure:10696: checking for getcwd
configure:10696: result: yes
configure:10696: checking for getpseudotty
configure:10696: result: no
configure:10696: checking for getpwent
configure:10696: result: yes
configure:10696: checking for getpwnam
configure:10696: result: yes
configure:10696: checking for getpwuid
configure:10696: result: yes
configure:10696: checking for getrlimit
configure:10696: result: yes
configure:10696: checking for gettimeofday
configure:10696: result: yes
configure:10696: checking for getwd
configure:10696: result: yes
configure:10696: checking for lstat
configure:10696: result: yes
configure:10696: checking for memcmp
configure:10696: result: yes
configure:10696: checking for memset
configure:10696: result: yes
configure:10696: checking for mkdtemp
configure:10696: result: yes
configure:10696: checking for nanosleep
configure:10696: result: yes
configure:10696: checking for opendir
configure:10696: result: yes
configure:10696: checking for putenv
configure:10696: result: yes
configure:10696: checking for qsort
configure:10696: result: yes
configure:10696: checking for readlink
configure:10696: result: yes
configure:10696: checking for select
configure:10696: result: yes
configure:10696: checking for setenv
configure:10696: result: yes
configure:10696: checking for setpgid
configure:10696: result: yes
configure:10696: checking for setsid
configure:10696: result: yes
configure:10696: checking for sigaltstack
configure:10696: result: yes
configure:10696: checking for sigstack
configure:10696: result: yes
configure:10696: checking for sigset
configure:10696: result: yes
configure:10696: checking for sigsetjmp
configure:10696: result: no
configure:10696: checking for sigaction
configure:10696: result: yes
configure:10696: checking for sigvec
configure:10696: result: yes
configure:10696: checking for strcasecmp
configure:10696: result: yes
configure:10696: checking for strerror
configure:10696: result: yes
configure:10696: checking for strftime
configure:10696: result: yes
configure:10696: checking for stricmp
configure:10696: result: no
configure:10696: checking for strncasecmp
configure:10696: result: yes
configure:10696: checking for strnicmp
configure:10696: result: no
configure:10696: checking for strpbrk
configure:10696: result: yes
configure:10696: checking for strtol
configure:10696: result: yes
configure:10696: checking for tgetent
configure:10696: result: yes
configure:10696: checking for towlower
configure:10696: result: yes
configure:10696: checking for towupper
configure:10696: result: yes
configure:10696: checking for iswupper
configure:10696: result: yes
configure:10696: checking for usleep
configure:10696: result: yes
configure:10696: checking for utime
configure:10696: result: yes
configure:10696: checking for utimes
configure:10696: result: yes
configure:10706: checking for _LARGEFILE_SOURCE value needed for large files
configure:10753: result: no
configure:10782: checking for special C compiler options needed for large files
configure:10827: result: no
configure:10833: checking for _FILE_OFFSET_BITS value needed for large files
configure:10890: result: 64
configure:10974: checking for st_blksize
configure:10992: gcc -c -g -O2  -I/usr/local/include conftest.c >&5
configure:10992: $? = 0
configure:10993: result: yes
configure:11002: checking whether stat() ignores a trailing slash
configure:11041: result: no
configure:11049: checking for iconv_open()
configure:11068: gcc -o conftest -g -O2  -I/usr/local/include -L. -Wl,-O1,--sort-common,--as-needed,-z,relro -fstack-protector -rdynamic -Wl,-export-dynamic  -L/usr/local/lib conftest.c -lncurses -lnsl   -liconv >&5
/usr/bin/ld: cannot find -liconv
collect2: error: ld returned 1 exit status
configure:11068: $? = 1
configure: failed program was:
| /* confdefs.h */
| #define PACKAGE_NAME ""
| #define PACKAGE_TARNAME ""
| #define PACKAGE_VERSION ""
| #define PACKAGE_STRING ""
| #define PACKAGE_BUGREPORT ""
| #define PACKAGE_URL ""
| #define UNIX 1
| #define STDC_HEADERS 1
| #define HAVE_SYS_WAIT_H 1
| #define FEAT_NORMAL 1
| #define USE_XSMP_INTERACT 1
| #define FEAT_PYTHON 1
| #define FEAT_RUBY 1
| #define HAVE_LIBNSL 1
| #define FEAT_NETBEANS_INTG 1
| #define HAVE_X11 1
| #define HAVE_GTK_MULTIHEAD 1
| #define HAVE_X11_SM_SMLIB_H 1
| #define HAVE_X11_XPM_H 1
| #define HAVE_X11_SUNKEYSYM_H 1
| #define FEAT_XIM 1
| #define HAVE_DATE_TIME 1
| #define HAVE_ATTRIBUTE_UNUSED 1
| #define HAVE_DIRENT_H 1
| #define HAVE_STDARG_H 1
| #define HAVE_STDINT_H 1
| #define HAVE_STDLIB_H 1
| #define HAVE_STRING_H 1
| #define HAVE_SYS_SELECT_H 1
| #define HAVE_SYS_UTSNAME_H 1
| #define HAVE_TERMCAP_H 1
| #define HAVE_FCNTL_H 1
| #define HAVE_SGTTY_H 1
| #define HAVE_SYS_IOCTL_H 1
| #define HAVE_SYS_TIME_H 1
| #define HAVE_SYS_TYPES_H 1
| #define HAVE_TERMIO_H 1
| #define HAVE_ICONV_H 1
| #define HAVE_INTTYPES_H 1
| #define HAVE_LANGINFO_H 1
| #define HAVE_MATH_H 1
| #define HAVE_UNISTD_H 1
| #define HAVE_STROPTS_H 1
| #define HAVE_ERRNO_H 1
| #define HAVE_SYS_RESOURCE_H 1
| #define HAVE_LOCALE_H 1
| #define HAVE_TERMIOS_H 1
| #define HAVE_SYS_STATFS_H 1
| #define HAVE_POLL_H 1
| #define HAVE_SYS_POLL_H 1
| #define HAVE_PWD_H 1
| #define HAVE_UTIME_H 1
| #define HAVE_SYS_PARAM_H 1
| #define HAVE_LIBINTL_H 1
| #define HAVE_LIBGEN_H 1
| #define HAVE_SYS_ACL_H 1
| #define HAVE_SYS_SYSINFO_H 1
| #define HAVE_WCHAR_H 1
| #define HAVE_WCTYPE_H 1
| #define HAVE_SYS_SYSCTL_H 1
| #define HAVE_STRINGS_H 1
| #define TIME_WITH_SYS_TIME 1
| #define HAVE_LIBNCURSES 1
| #define TERMINFO 1
| #define TGETENT_ZERO_ERR 0
| #define HAVE_OSPEED 1
| #define HAVE_UP_BC_PC 1
| #define SYS_SELECT_WITH_SYS_TIME 1
| #define HAVE_SVR4_PTYS 1
| #define RETSIGTYPE void
| #define SIGRETURN return
| #define HAVE_SIGCONTEXT 1
| #define HAVE_BCMP 1
| #define HAVE_FCHDIR 1
| #define HAVE_FCHOWN 1
| #define HAVE_FSYNC 1
| #define HAVE_GETCWD 1
| #define HAVE_GETPWENT 1
| #define HAVE_GETPWNAM 1
| #define HAVE_GETPWUID 1
| #define HAVE_GETRLIMIT 1
| #define HAVE_GETTIMEOFDAY 1
| #define HAVE_GETWD 1
| #define HAVE_LSTAT 1
| #define HAVE_MEMCMP 1
| #define HAVE_MEMSET 1
| #define HAVE_MKDTEMP 1
| #define HAVE_NANOSLEEP 1
| #define HAVE_OPENDIR 1
| #define HAVE_PUTENV 1
| #define HAVE_QSORT 1
| #define HAVE_READLINK 1
| #define HAVE_SELECT 1
| #define HAVE_SETENV 1
| #define HAVE_SETPGID 1
| #define HAVE_SETSID 1
| #define HAVE_SIGALTSTACK 1
| #define HAVE_SIGSTACK 1
| #define HAVE_SIGSET 1
| #define HAVE_SIGACTION 1
| #define HAVE_SIGVEC 1
| #define HAVE_STRCASECMP 1
| #define HAVE_STRERROR 1
| #define HAVE_STRFTIME 1
| #define HAVE_STRNCASECMP 1
| #define HAVE_STRPBRK 1
| #define HAVE_STRTOL 1
| #define HAVE_TGETENT 1
| #define HAVE_TOWLOWER 1
| #define HAVE_TOWUPPER 1
| #define HAVE_ISWUPPER 1
| #define HAVE_USLEEP 1
| #define HAVE_UTIME 1
| #define HAVE_UTIMES 1
| #define HAVE_FSEEKO 1
| #define _FILE_OFFSET_BITS 64
| #define HAVE_ST_BLKSIZE 1
| /* end confdefs.h.  */
| 
| #ifdef HAVE_ICONV_H
| # include <iconv.h>
| #endif
| 
| int
| main ()
| {
| iconv_open("fr", "to");
|   ;
|   return 0;
| }
configure:11089: gcc -o conftest -g -O2  -I/usr/local/include -L. -Wl,-O1,--sort-common,--as-needed,-z,relro -fstack-protector -rdynamic -Wl,-export-dynamic  -L/usr/local/lib conftest.c -lncurses -lnsl   >&5
configure:11089: $? = 0
configure:11090: result: yes
configure:11104: checking for nl_langinfo(CODESET)
configure:11121: gcc -o conftest -g -O2  -I/usr/local/include -L. -Wl,-O1,--sort-common,--as-needed,-z,relro -fstack-protector -rdynamic -Wl,-export-dynamic  -L/usr/local/lib conftest.c -lncurses -lnsl   >&5
configure:11121: $? = 0
configure:11122: result: yes
configure:11132: checking for strtod in -lm
configure:11166: result: yes
configure:11177: checking for strtod() and other floating point functions
configure:11209: gcc -o conftest -g -O2  -I/usr/local/include -L. -Wl,-O1,--sort-common,--as-needed,-z,relro -fstack-protector -rdynamic -Wl,-export-dynamic  -L/usr/local/lib conftest.c -lm -lncurses -lnsl   >&5
configure:11209: $? = 0
configure:11210: result: yes
configure:11220: checking --disable-acl argument
configure:11230: result: no
configure:11232: checking for acl_get_file in -lposix1e
configure:11266: result: no
configure:11271: checking for acl_get_file in -lacl
configure:11305: result: yes
configure:11309: checking for fgetxattr in -lattr
configure:11343: result: yes
configure:11354: checking for POSIX ACL support
configure:11374: gcc -o conftest -g -O2  -I/usr/local/include -L. -Wl,-O1,--sort-common,--as-needed,-z,relro -fstack-protector -rdynamic -Wl,-export-dynamic  -L/usr/local/lib conftest.c -lm -lncurses -lnsl   -lacl -lattr >&5
configure:11374: $? = 0
configure:11375: result: yes
configure:11385: checking for acl_get in -lsec
configure:11419: result: no
configure:11425: checking for Solaris ACL support
configure:11442: gcc -o conftest -g -O2  -I/usr/local/include -L. -Wl,-O1,--sort-common,--as-needed,-z,relro -fstack-protector -rdynamic -Wl,-export-dynamic  -L/usr/local/lib conftest.c -lm -lncurses -lnsl   -lacl -lattr >&5
conftest.c: In function 'main':
conftest.c:132:12: error: 'GETACLCNT' undeclared (first use in this function)
 acl("foo", GETACLCNT, 0, NULL);
            ^
conftest.c:132:12: note: each undeclared identifier is reported only once for each function it appears in
conftest.c:132:26: error: 'NULL' undeclared (first use in this function)
 acl("foo", GETACLCNT, 0, NULL);
                          ^
configure:11442: $? = 1
configure: failed program was:
| /* confdefs.h */
| #define PACKAGE_NAME ""
| #define PACKAGE_TARNAME ""
| #define PACKAGE_VERSION ""
| #define PACKAGE_STRING ""
| #define PACKAGE_BUGREPORT ""
| #define PACKAGE_URL ""
| #define UNIX 1
| #define STDC_HEADERS 1
| #define HAVE_SYS_WAIT_H 1
| #define FEAT_NORMAL 1
| #define USE_XSMP_INTERACT 1
| #define FEAT_PYTHON 1
| #define FEAT_RUBY 1
| #define HAVE_LIBNSL 1
| #define FEAT_NETBEANS_INTG 1
| #define HAVE_X11 1
| #define HAVE_GTK_MULTIHEAD 1
| #define HAVE_X11_SM_SMLIB_H 1
| #define HAVE_X11_XPM_H 1
| #define HAVE_X11_SUNKEYSYM_H 1
| #define FEAT_XIM 1
| #define HAVE_DATE_TIME 1
| #define HAVE_ATTRIBUTE_UNUSED 1
| #define HAVE_DIRENT_H 1
| #define HAVE_STDARG_H 1
| #define HAVE_STDINT_H 1
| #define HAVE_STDLIB_H 1
| #define HAVE_STRING_H 1
| #define HAVE_SYS_SELECT_H 1
| #define HAVE_SYS_UTSNAME_H 1
| #define HAVE_TERMCAP_H 1
| #define HAVE_FCNTL_H 1
| #define HAVE_SGTTY_H 1
| #define HAVE_SYS_IOCTL_H 1
| #define HAVE_SYS_TIME_H 1
| #define HAVE_SYS_TYPES_H 1
| #define HAVE_TERMIO_H 1
| #define HAVE_ICONV_H 1
| #define HAVE_INTTYPES_H 1
| #define HAVE_LANGINFO_H 1
| #define HAVE_MATH_H 1
| #define HAVE_UNISTD_H 1
| #define HAVE_STROPTS_H 1
| #define HAVE_ERRNO_H 1
| #define HAVE_SYS_RESOURCE_H 1
| #define HAVE_LOCALE_H 1
| #define HAVE_TERMIOS_H 1
| #define HAVE_SYS_STATFS_H 1
| #define HAVE_POLL_H 1
| #define HAVE_SYS_POLL_H 1
| #define HAVE_PWD_H 1
| #define HAVE_UTIME_H 1
| #define HAVE_SYS_PARAM_H 1
| #define HAVE_LIBINTL_H 1
| #define HAVE_LIBGEN_H 1
| #define HAVE_SYS_ACL_H 1
| #define HAVE_SYS_SYSINFO_H 1
| #define HAVE_WCHAR_H 1
| #define HAVE_WCTYPE_H 1
| #define HAVE_SYS_SYSCTL_H 1
| #define HAVE_STRINGS_H 1
| #define TIME_WITH_SYS_TIME 1
| #define HAVE_LIBNCURSES 1
| #define TERMINFO 1
| #define TGETENT_ZERO_ERR 0
| #define HAVE_OSPEED 1
| #define HAVE_UP_BC_PC 1
| #define SYS_SELECT_WITH_SYS_TIME 1
| #define HAVE_SVR4_PTYS 1
| #define RETSIGTYPE void
| #define SIGRETURN return
| #define HAVE_SIGCONTEXT 1
| #define HAVE_BCMP 1
| #define HAVE_FCHDIR 1
| #define HAVE_FCHOWN 1
| #define HAVE_FSYNC 1
| #define HAVE_GETCWD 1
| #define HAVE_GETPWENT 1
| #define HAVE_GETPWNAM 1
| #define HAVE_GETPWUID 1
| #define HAVE_GETRLIMIT 1
| #define HAVE_GETTIMEOFDAY 1
| #define HAVE_GETWD 1
| #define HAVE_LSTAT 1
| #define HAVE_MEMCMP 1
| #define HAVE_MEMSET 1
| #define HAVE_MKDTEMP 1
| #define HAVE_NANOSLEEP 1
| #define HAVE_OPENDIR 1
| #define HAVE_PUTENV 1
| #define HAVE_QSORT 1
| #define HAVE_READLINK 1
| #define HAVE_SELECT 1
| #define HAVE_SETENV 1
| #define HAVE_SETPGID 1
| #define HAVE_SETSID 1
| #define HAVE_SIGALTSTACK 1
| #define HAVE_SIGSTACK 1
| #define HAVE_SIGSET 1
| #define HAVE_SIGACTION 1
| #define HAVE_SIGVEC 1
| #define HAVE_STRCASECMP 1
| #define HAVE_STRERROR 1
| #define HAVE_STRFTIME 1
| #define HAVE_STRNCASECMP 1
| #define HAVE_STRPBRK 1
| #define HAVE_STRTOL 1
| #define HAVE_TGETENT 1
| #define HAVE_TOWLOWER 1
| #define HAVE_TOWUPPER 1
| #define HAVE_ISWUPPER 1
| #define HAVE_USLEEP 1
| #define HAVE_UTIME 1
| #define HAVE_UTIMES 1
| #define HAVE_FSEEKO 1
| #define _FILE_OFFSET_BITS 64
| #define HAVE_ST_BLKSIZE 1
| #define HAVE_ICONV 1
| #define HAVE_NL_LANGINFO_CODESET 1
| #define HAVE_LIBM 1
| #define HAVE_FLOAT_FUNCS 1
| #define HAVE_POSIX_ACL 1
| /* end confdefs.h.  */
| 
| #ifdef HAVE_SYS_ACL_H
| # include <sys/acl.h>
| #endif
| int
| main ()
| {
| acl("foo", GETACLCNT, 0, NULL);
| 
|   ;
|   return 0;
| }
configure:11447: result: no
configure:11455: checking for AIX ACL support
configure:11487: gcc -o conftest -g -O2  -I/usr/local/include -L. -Wl,-O1,--sort-common,--as-needed,-z,relro -fstack-protector -rdynamic -Wl,-export-dynamic  -L/usr/local/lib conftest.c -lm -lncurses -lnsl   -lacl -lattr >&5
conftest.c: In function 'main':
conftest.c:145:18: error: invalid application of 'sizeof' to incomplete type 'struct acl'
 aclsize = sizeof(struct acl);
                  ^
conftest.c:147:17: error: 'STX_NORMAL' undeclared (first use in this function)
  statacl("foo", STX_NORMAL, aclent, aclsize);
                 ^
conftest.c:147:17: note: each undeclared identifier is reported only once for each function it appears in
configure:11487: $? = 1
configure: failed program was:
| /* confdefs.h */
| #define PACKAGE_NAME ""
| #define PACKAGE_TARNAME ""
| #define PACKAGE_VERSION ""
| #define PACKAGE_STRING ""
| #define PACKAGE_BUGREPORT ""
| #define PACKAGE_URL ""
| #define UNIX 1
| #define STDC_HEADERS 1
| #define HAVE_SYS_WAIT_H 1
| #define FEAT_NORMAL 1
| #define USE_XSMP_INTERACT 1
| #define FEAT_PYTHON 1
| #define FEAT_RUBY 1
| #define HAVE_LIBNSL 1
| #define FEAT_NETBEANS_INTG 1
| #define HAVE_X11 1
| #define HAVE_GTK_MULTIHEAD 1
| #define HAVE_X11_SM_SMLIB_H 1
| #define HAVE_X11_XPM_H 1
| #define HAVE_X11_SUNKEYSYM_H 1
| #define FEAT_XIM 1
| #define HAVE_DATE_TIME 1
| #define HAVE_ATTRIBUTE_UNUSED 1
| #define HAVE_DIRENT_H 1
| #define HAVE_STDARG_H 1
| #define HAVE_STDINT_H 1
| #define HAVE_STDLIB_H 1
| #define HAVE_STRING_H 1
| #define HAVE_SYS_SELECT_H 1
| #define HAVE_SYS_UTSNAME_H 1
| #define HAVE_TERMCAP_H 1
| #define HAVE_FCNTL_H 1
| #define HAVE_SGTTY_H 1
| #define HAVE_SYS_IOCTL_H 1
| #define HAVE_SYS_TIME_H 1
| #define HAVE_SYS_TYPES_H 1
| #define HAVE_TERMIO_H 1
| #define HAVE_ICONV_H 1
| #define HAVE_INTTYPES_H 1
| #define HAVE_LANGINFO_H 1
| #define HAVE_MATH_H 1
| #define HAVE_UNISTD_H 1
| #define HAVE_STROPTS_H 1
| #define HAVE_ERRNO_H 1
| #define HAVE_SYS_RESOURCE_H 1
| #define HAVE_LOCALE_H 1
| #define HAVE_TERMIOS_H 1
| #define HAVE_SYS_STATFS_H 1
| #define HAVE_POLL_H 1
| #define HAVE_SYS_POLL_H 1
| #define HAVE_PWD_H 1
| #define HAVE_UTIME_H 1
| #define HAVE_SYS_PARAM_H 1
| #define HAVE_LIBINTL_H 1
| #define HAVE_LIBGEN_H 1
| #define HAVE_SYS_ACL_H 1
| #define HAVE_SYS_SYSINFO_H 1
| #define HAVE_WCHAR_H 1
| #define HAVE_WCTYPE_H 1
| #define HAVE_SYS_SYSCTL_H 1
| #define HAVE_STRINGS_H 1
| #define TIME_WITH_SYS_TIME 1
| #define HAVE_LIBNCURSES 1
| #define TERMINFO 1
| #define TGETENT_ZERO_ERR 0
| #define HAVE_OSPEED 1
| #define HAVE_UP_BC_PC 1
| #define SYS_SELECT_WITH_SYS_TIME 1
| #define HAVE_SVR4_PTYS 1
| #define RETSIGTYPE void
| #define SIGRETURN return
| #define HAVE_SIGCONTEXT 1
| #define HAVE_BCMP 1
| #define HAVE_FCHDIR 1
| #define HAVE_FCHOWN 1
| #define HAVE_FSYNC 1
| #define HAVE_GETCWD 1
| #define HAVE_GETPWENT 1
| #define HAVE_GETPWNAM 1
| #define HAVE_GETPWUID 1
| #define HAVE_GETRLIMIT 1
| #define HAVE_GETTIMEOFDAY 1
| #define HAVE_GETWD 1
| #define HAVE_LSTAT 1
| #define HAVE_MEMCMP 1
| #define HAVE_MEMSET 1
| #define HAVE_MKDTEMP 1
| #define HAVE_NANOSLEEP 1
| #define HAVE_OPENDIR 1
| #define HAVE_PUTENV 1
| #define HAVE_QSORT 1
| #define HAVE_READLINK 1
| #define HAVE_SELECT 1
| #define HAVE_SETENV 1
| #define HAVE_SETPGID 1
| #define HAVE_SETSID 1
| #define HAVE_SIGALTSTACK 1
| #define HAVE_SIGSTACK 1
| #define HAVE_SIGSET 1
| #define HAVE_SIGACTION 1
| #define HAVE_SIGVEC 1
| #define HAVE_STRCASECMP 1
| #define HAVE_STRERROR 1
| #define HAVE_STRFTIME 1
| #define HAVE_STRNCASECMP 1
| #define HAVE_STRPBRK 1
| #define HAVE_STRTOL 1
| #define HAVE_TGETENT 1
| #define HAVE_TOWLOWER 1
| #define HAVE_TOWUPPER 1
| #define HAVE_ISWUPPER 1
| #define HAVE_USLEEP 1
| #define HAVE_UTIME 1
| #define HAVE_UTIMES 1
| #define HAVE_FSEEKO 1
| #define _FILE_OFFSET_BITS 64
| #define HAVE_ST_BLKSIZE 1
| #define HAVE_ICONV 1
| #define HAVE_NL_LANGINFO_CODESET 1
| #define HAVE_LIBM 1
| #define HAVE_FLOAT_FUNCS 1
| #define HAVE_POSIX_ACL 1
| /* end confdefs.h.  */
| 
| #if STDC_HEADERS
| # include <stdlib.h>
| # include <stddef.h>
| #endif
| #ifdef HAVE_SYS_ACL_H
| # include <sys/acl.h>
| #endif
| #ifdef HAVE_SYS_ACCESS_H
| # include <sys/access.h>
| #endif
| #define _ALL_SOURCE
| 
| #include <sys/stat.h>
| 
| int aclsize;
| struct acl *aclent;
| int
| main ()
| {
| aclsize = sizeof(struct acl);
| 	aclent = (void *)malloc(aclsize);
| 	statacl("foo", STX_NORMAL, aclent, aclsize);
| 
|   ;
|   return 0;
| }
configure:11492: result: no
configure:11502: checking --disable-gpm argument
configure:11513: result: no
configure:11515: checking for gpm
configure:11543: result: yes
configure:11555: checking --disable-sysmouse argument
configure:11566: result: no
configure:11568: checking for sysmouse
configure:11599: result: no
configure:11610: checking for FD_CLOEXEC
configure:11625: gcc -c -g -O2  -I/usr/local/include conftest.c >&5
configure:11625: $? = 0
configure:11626: result: yes
configure:11635: checking for rename
configure:11648: gcc -o conftest -g -O2  -I/usr/local/include -L. -Wl,-O1,--sort-common,--as-needed,-z,relro -fstack-protector -rdynamic -Wl,-export-dynamic  -L/usr/local/lib conftest.c -lm -lncurses -lnsl   -lacl -lattr -lgpm >&5
configure:11648: $? = 0
configure:11649: result: yes
configure:11659: checking for sysctl
configure:11680: gcc -c -g -O2  -I/usr/local/include conftest.c >&5
conftest.c: In function 'main':
conftest.c:136:11: error: 'CTL_HW' undeclared (first use in this function)
  mib[0] = CTL_HW;
           ^
conftest.c:136:11: note: each undeclared identifier is reported only once for each function it appears in
conftest.c:137:11: error: 'HW_USERMEM' undeclared (first use in this function)
  mib[1] = HW_USERMEM;
           ^
configure:11680: $? = 1
configure: failed program was:
| /* confdefs.h */
| #define PACKAGE_NAME ""
| #define PACKAGE_TARNAME ""
| #define PACKAGE_VERSION ""
| #define PACKAGE_STRING ""
| #define PACKAGE_BUGREPORT ""
| #define PACKAGE_URL ""
| #define UNIX 1
| #define STDC_HEADERS 1
| #define HAVE_SYS_WAIT_H 1
| #define FEAT_NORMAL 1
| #define USE_XSMP_INTERACT 1
| #define FEAT_PYTHON 1
| #define FEAT_RUBY 1
| #define HAVE_LIBNSL 1
| #define FEAT_NETBEANS_INTG 1
| #define HAVE_X11 1
| #define HAVE_GTK_MULTIHEAD 1
| #define HAVE_X11_SM_SMLIB_H 1
| #define HAVE_X11_XPM_H 1
| #define HAVE_X11_SUNKEYSYM_H 1
| #define FEAT_XIM 1
| #define HAVE_DATE_TIME 1
| #define HAVE_ATTRIBUTE_UNUSED 1
| #define HAVE_DIRENT_H 1
| #define HAVE_STDARG_H 1
| #define HAVE_STDINT_H 1
| #define HAVE_STDLIB_H 1
| #define HAVE_STRING_H 1
| #define HAVE_SYS_SELECT_H 1
| #define HAVE_SYS_UTSNAME_H 1
| #define HAVE_TERMCAP_H 1
| #define HAVE_FCNTL_H 1
| #define HAVE_SGTTY_H 1
| #define HAVE_SYS_IOCTL_H 1
| #define HAVE_SYS_TIME_H 1
| #define HAVE_SYS_TYPES_H 1
| #define HAVE_TERMIO_H 1
| #define HAVE_ICONV_H 1
| #define HAVE_INTTYPES_H 1
| #define HAVE_LANGINFO_H 1
| #define HAVE_MATH_H 1
| #define HAVE_UNISTD_H 1
| #define HAVE_STROPTS_H 1
| #define HAVE_ERRNO_H 1
| #define HAVE_SYS_RESOURCE_H 1
| #define HAVE_LOCALE_H 1
| #define HAVE_TERMIOS_H 1
| #define HAVE_SYS_STATFS_H 1
| #define HAVE_POLL_H 1
| #define HAVE_SYS_POLL_H 1
| #define HAVE_PWD_H 1
| #define HAVE_UTIME_H 1
| #define HAVE_SYS_PARAM_H 1
| #define HAVE_LIBINTL_H 1
| #define HAVE_LIBGEN_H 1
| #define HAVE_SYS_ACL_H 1
| #define HAVE_SYS_SYSINFO_H 1
| #define HAVE_WCHAR_H 1
| #define HAVE_WCTYPE_H 1
| #define HAVE_SYS_SYSCTL_H 1
| #define HAVE_STRINGS_H 1
| #define TIME_WITH_SYS_TIME 1
| #define HAVE_LIBNCURSES 1
| #define TERMINFO 1
| #define TGETENT_ZERO_ERR 0
| #define HAVE_OSPEED 1
| #define HAVE_UP_BC_PC 1
| #define SYS_SELECT_WITH_SYS_TIME 1
| #define HAVE_SVR4_PTYS 1
| #define RETSIGTYPE void
| #define SIGRETURN return
| #define HAVE_SIGCONTEXT 1
| #define HAVE_BCMP 1
| #define HAVE_FCHDIR 1
| #define HAVE_FCHOWN 1
| #define HAVE_FSYNC 1
| #define HAVE_GETCWD 1
| #define HAVE_GETPWENT 1
| #define HAVE_GETPWNAM 1
| #define HAVE_GETPWUID 1
| #define HAVE_GETRLIMIT 1
| #define HAVE_GETTIMEOFDAY 1
| #define HAVE_GETWD 1
| #define HAVE_LSTAT 1
| #define HAVE_MEMCMP 1
| #define HAVE_MEMSET 1
| #define HAVE_MKDTEMP 1
| #define HAVE_NANOSLEEP 1
| #define HAVE_OPENDIR 1
| #define HAVE_PUTENV 1
| #define HAVE_QSORT 1
| #define HAVE_READLINK 1
| #define HAVE_SELECT 1
| #define HAVE_SETENV 1
| #define HAVE_SETPGID 1
| #define HAVE_SETSID 1
| #define HAVE_SIGALTSTACK 1
| #define HAVE_SIGSTACK 1
| #define HAVE_SIGSET 1
| #define HAVE_SIGACTION 1
| #define HAVE_SIGVEC 1
| #define HAVE_STRCASECMP 1
| #define HAVE_STRERROR 1
| #define HAVE_STRFTIME 1
| #define HAVE_STRNCASECMP 1
| #define HAVE_STRPBRK 1
| #define HAVE_STRTOL 1
| #define HAVE_TGETENT 1
| #define HAVE_TOWLOWER 1
| #define HAVE_TOWUPPER 1
| #define HAVE_ISWUPPER 1
| #define HAVE_USLEEP 1
| #define HAVE_UTIME 1
| #define HAVE_UTIMES 1
| #define HAVE_FSEEKO 1
| #define _FILE_OFFSET_BITS 64
| #define HAVE_ST_BLKSIZE 1
| #define HAVE_ICONV 1
| #define HAVE_NL_LANGINFO_CODESET 1
| #define HAVE_LIBM 1
| #define HAVE_FLOAT_FUNCS 1
| #define HAVE_POSIX_ACL 1
| #define HAVE_GPM 1
| #define HAVE_FD_CLOEXEC 1
| #define HAVE_RENAME 1
| /* end confdefs.h.  */
| #include <sys/types.h>
| #include <sys/sysctl.h>
| int
| main ()
| {
| 	int mib[2], r;
| 	size_t len;
| 
| 	mib[0] = CTL_HW;
| 	mib[1] = HW_USERMEM;
| 	len = sizeof(r);
| 	(void)sysctl(mib, 2, &r, &len, (void *)0, (size_t)0);
| 
|   ;
|   return 0;
| }
configure:11685: result: not usable
configure:11690: checking for sysinfo
configure:11709: gcc -c -g -O2  -I/usr/local/include conftest.c >&5
configure:11709: $? = 0
configure:11710: result: yes
configure:11719: checking for sysinfo.mem_unit
configure:11735: gcc -c -g -O2  -I/usr/local/include conftest.c >&5
configure:11735: $? = 0
configure:11736: result: yes
configure:11745: checking for sysconf
configure:11760: gcc -c -g -O2  -I/usr/local/include conftest.c >&5
configure:11760: $? = 0
configure:11761: result: yes
configure:11774: checking size of int
configure:11794: result: 4
configure:11808: checking size of long
configure:11828: result: 4
configure:11842: checking size of time_t
configure:11862: result: 4
configure:11876: checking size of off_t
configure:11896: result: 8
configure:11907: checking uint32_t is 32 bits
configure:11929: gcc -o conftest -g -O2  -I/usr/local/include -L. -Wl,-O1,--sort-common,--as-needed,-z,relro -fstack-protector -rdynamic -Wl,-export-dynamic  -L/usr/local/lib conftest.c -lm -lncurses -lnsl   -lacl -lattr -lgpm >&5
conftest.c: In function 'main':
conftest.c:145:69: warning: incompatible implicit declaration of built-in function 'exit' [enabled by default]
   if (sizeof(uint32_t) != 4 || nr1 != 0xffffffffUL || nr2 + 1 != 0) exit(1);
                                                                     ^
configure:11929: $? = 0
configure:11929: ./conftest
configure:11929: $? = 0
configure:11930: result: ok
configure:11963: checking whether memmove handles overlaps
configure:11993: result: yes
configure:12138: checking for _xpg4_setrunelocale in -lxpg4
configure:12172: result: no
configure:12179: checking how to create tags
Exuberant Ctags 5.8, Copyright (C) 1996-2009 Darren Hiebert
configure:12199: result: ctags -I INIT+ --fields=+S
configure:12202: checking how to run man with a section nr
configure:12206: result: man -s
configure:12213: checking --disable-nls argument
configure:12224: result: no
configure:12234: checking for msgfmt
configure:12261: result: msgfmt
configure:12269: checking for NLS
configure:12285: gcc -o conftest -g -O2  -I/usr/local/include -L. -Wl,-O1,--sort-common,--as-needed,-z,relro -fstack-protector -rdynamic -Wl,-export-dynamic  -L/usr/local/lib conftest.c -lm -lncurses -lnsl   -lacl -lattr -lgpm >&5
configure:12285: $? = 0
configure:12286: result: gettext() works
configure:12326: checking for bind_textdomain_codeset
configure:12326: result: yes
configure:12335: checking for _nl_msg_cat_cntr
configure:12349: gcc -o conftest -g -O2  -I/usr/local/include -L. -Wl,-O1,--sort-common,--as-needed,-z,relro -fstack-protector -rdynamic -Wl,-export-dynamic  -L/usr/local/lib conftest.c -lm -lncurses -lnsl   -lacl -lattr -lgpm >&5
configure:12349: $? = 0
configure:12350: result: yes
configure:12369: checking for dlfcn.h
configure:12369: result: yes
configure:12386: checking for dlopen()
configure:12402: gcc -o conftest -g -O2  -I/usr/local/include -L. -Wl,-O1,--sort-common,--as-needed,-z,relro -fstack-protector -rdynamic -Wl,-export-dynamic  -L/usr/local/lib conftest.c -lm -lncurses -lnsl   -lacl -lattr -lgpm >&5
/tmp/ccvWypkV.o: In function `main':
/home/tomic/install/vim/src/conftest.c:147: undefined reference to `dlopen'
collect2: error: ld returned 1 exit status
configure:12402: $? = 1
configure: failed program was:
| /* confdefs.h */
| #define PACKAGE_NAME ""
| #define PACKAGE_TARNAME ""
| #define PACKAGE_VERSION ""
| #define PACKAGE_STRING ""
| #define PACKAGE_BUGREPORT ""
| #define PACKAGE_URL ""
| #define UNIX 1
| #define STDC_HEADERS 1
| #define HAVE_SYS_WAIT_H 1
| #define FEAT_NORMAL 1
| #define USE_XSMP_INTERACT 1
| #define FEAT_PYTHON 1
| #define FEAT_RUBY 1
| #define HAVE_LIBNSL 1
| #define FEAT_NETBEANS_INTG 1
| #define HAVE_X11 1
| #define HAVE_GTK_MULTIHEAD 1
| #define HAVE_X11_SM_SMLIB_H 1
| #define HAVE_X11_XPM_H 1
| #define HAVE_X11_SUNKEYSYM_H 1
| #define FEAT_XIM 1
| #define HAVE_DATE_TIME 1
| #define HAVE_ATTRIBUTE_UNUSED 1
| #define HAVE_DIRENT_H 1
| #define HAVE_STDARG_H 1
| #define HAVE_STDINT_H 1
| #define HAVE_STDLIB_H 1
| #define HAVE_STRING_H 1
| #define HAVE_SYS_SELECT_H 1
| #define HAVE_SYS_UTSNAME_H 1
| #define HAVE_TERMCAP_H 1
| #define HAVE_FCNTL_H 1
| #define HAVE_SGTTY_H 1
| #define HAVE_SYS_IOCTL_H 1
| #define HAVE_SYS_TIME_H 1
| #define HAVE_SYS_TYPES_H 1
| #define HAVE_TERMIO_H 1
| #define HAVE_ICONV_H 1
| #define HAVE_INTTYPES_H 1
| #define HAVE_LANGINFO_H 1
| #define HAVE_MATH_H 1
| #define HAVE_UNISTD_H 1
| #define HAVE_STROPTS_H 1
| #define HAVE_ERRNO_H 1
| #define HAVE_SYS_RESOURCE_H 1
| #define HAVE_LOCALE_H 1
| #define HAVE_TERMIOS_H 1
| #define HAVE_SYS_STATFS_H 1
| #define HAVE_POLL_H 1
| #define HAVE_SYS_POLL_H 1
| #define HAVE_PWD_H 1
| #define HAVE_UTIME_H 1
| #define HAVE_SYS_PARAM_H 1
| #define HAVE_LIBINTL_H 1
| #define HAVE_LIBGEN_H 1
| #define HAVE_SYS_ACL_H 1
| #define HAVE_SYS_SYSINFO_H 1
| #define HAVE_WCHAR_H 1
| #define HAVE_WCTYPE_H 1
| #define HAVE_SYS_SYSCTL_H 1
| #define HAVE_STRINGS_H 1
| #define TIME_WITH_SYS_TIME 1
| #define HAVE_LIBNCURSES 1
| #define TERMINFO 1
| #define TGETENT_ZERO_ERR 0
| #define HAVE_OSPEED 1
| #define HAVE_UP_BC_PC 1
| #define SYS_SELECT_WITH_SYS_TIME 1
| #define HAVE_SVR4_PTYS 1
| #define RETSIGTYPE void
| #define SIGRETURN return
| #define HAVE_SIGCONTEXT 1
| #define HAVE_BCMP 1
| #define HAVE_FCHDIR 1
| #define HAVE_FCHOWN 1
| #define HAVE_FSYNC 1
| #define HAVE_GETCWD 1
| #define HAVE_GETPWENT 1
| #define HAVE_GETPWNAM 1
| #define HAVE_GETPWUID 1
| #define HAVE_GETRLIMIT 1
| #define HAVE_GETTIMEOFDAY 1
| #define HAVE_GETWD 1
| #define HAVE_LSTAT 1
| #define HAVE_MEMCMP 1
| #define HAVE_MEMSET 1
| #define HAVE_MKDTEMP 1
| #define HAVE_NANOSLEEP 1
| #define HAVE_OPENDIR 1
| #define HAVE_PUTENV 1
| #define HAVE_QSORT 1
| #define HAVE_READLINK 1
| #define HAVE_SELECT 1
| #define HAVE_SETENV 1
| #define HAVE_SETPGID 1
| #define HAVE_SETSID 1
| #define HAVE_SIGALTSTACK 1
| #define HAVE_SIGSTACK 1
| #define HAVE_SIGSET 1
| #define HAVE_SIGACTION 1
| #define HAVE_SIGVEC 1
| #define HAVE_STRCASECMP 1
| #define HAVE_STRERROR 1
| #define HAVE_STRFTIME 1
| #define HAVE_STRNCASECMP 1
| #define HAVE_STRPBRK 1
| #define HAVE_STRTOL 1
| #define HAVE_TGETENT 1
| #define HAVE_TOWLOWER 1
| #define HAVE_TOWUPPER 1
| #define HAVE_ISWUPPER 1
| #define HAVE_USLEEP 1
| #define HAVE_UTIME 1
| #define HAVE_UTIMES 1
| #define HAVE_FSEEKO 1
| #define _FILE_OFFSET_BITS 64
| #define HAVE_ST_BLKSIZE 1
| #define HAVE_ICONV 1
| #define HAVE_NL_LANGINFO_CODESET 1
| #define HAVE_LIBM 1
| #define HAVE_FLOAT_FUNCS 1
| #define HAVE_POSIX_ACL 1
| #define HAVE_GPM 1
| #define HAVE_FD_CLOEXEC 1
| #define HAVE_RENAME 1
| #define HAVE_SYSINFO 1
| #define HAVE_SYSINFO_MEM_UNIT 1
| #define HAVE_SYSCONF 1
| #define SIZEOF_INT 4
| #define SIZEOF_LONG 4
| #define SIZEOF_TIME_T 4
| #define SIZEOF_OFF_T 8
| #define USEMEMMOVE 1
| #define USEMAN_S 1
| #define HAVE_GETTEXT 1
| #define HAVE_BIND_TEXTDOMAIN_CODESET 1
| #define HAVE_NL_MSG_CAT_CNTR 1
| #define HAVE_DLFCN_H 1
| /* end confdefs.h.  */
| 
| int
| main ()
| {
| 
| 		extern void* dlopen();
| 		dlopen();
| 
|   ;
|   return 0;
| }
configure:12409: result: no
configure:12411: checking for dlopen() in -ldl
configure:12429: gcc -o conftest -g -O2  -I/usr/local/include -L. -Wl,-O1,--sort-common,--as-needed,-z,relro -fstack-protector -rdynamic -Wl,-export-dynamic  -L/usr/local/lib conftest.c -lm -lncurses -lnsl   -lacl -lattr -lgpm -ldl >&5
configure:12429: $? = 0
configure:12430: result: yes
configure:12445: checking for dlsym()
configure:12461: gcc -o conftest -g -O2  -I/usr/local/include -L. -Wl,-O1,--sort-common,--as-needed,-z,relro -fstack-protector -rdynamic -Wl,-export-dynamic  -L/usr/local/lib conftest.c -lm -lncurses -lnsl   -lacl -lattr -lgpm -ldl >&5
configure:12461: $? = 0
configure:12462: result: yes
configure:12570: checking for setjmp.h
configure:12570: result: yes
configure:12606: checking for GCC 3 or later
configure:12611: result: yes
configure:12617: checking whether we need -D_FORTIFY_SOURCE=1
configure:12621: result: yes
configure:12630: checking linker --as-needed support
configure:12639: result: yes
configure:12757: creating auto/config.status

## ---------------------- ##
## Running config.status. ##
## ---------------------- ##

This file was extended by config.status, which was
generated by GNU Autoconf 2.65.  Invocation command line was

  CONFIG_FILES    = 
  CONFIG_HEADERS  = 
  CONFIG_LINKS    = 
  CONFIG_COMMANDS = 
  $ auto/config.status 

on localhost

config.status:1034: creating auto/config.mk
config.status:1034: creating auto/config.h
config.status:1195: auto/config.h is unchanged
configure:13906: WARNING: unrecognized options: --enable-conceal

## ---------------- ##
## Cache variables. ##
## ---------------- ##

ac_cv_c_bigendian=no
ac_cv_c_compiler_gnu=yes
ac_cv_c_const=yes
ac_cv_c_uint32_t=yes
ac_cv_c_volatile=yes
ac_cv_env_CC_set=
ac_cv_env_CC_value=
ac_cv_env_CFLAGS_set=
ac_cv_env_CFLAGS_value=
ac_cv_env_CPPFLAGS_set=
ac_cv_env_CPPFLAGS_value=
ac_cv_env_CPP_set=
ac_cv_env_CPP_value=
ac_cv_env_LDFLAGS_set=
ac_cv_env_LDFLAGS_value=
ac_cv_env_LIBS_set=
ac_cv_env_LIBS_value=
ac_cv_env_XMKMF_set=
ac_cv_env_XMKMF_value=
ac_cv_env_build_alias_set=
ac_cv_env_build_alias_value=
ac_cv_env_host_alias_set=
ac_cv_env_host_alias_value=
ac_cv_env_target_alias_set=
ac_cv_env_target_alias_value=
ac_cv_func_bcmp=yes
ac_cv_func_bind_textdomain_codeset=yes
ac_cv_func_connect=yes
ac_cv_func_fchdir=yes
ac_cv_func_fchown=yes
ac_cv_func_fsync=yes
ac_cv_func_getcwd=yes
ac_cv_func_gethostbyname=yes
ac_cv_func_getpseudotty=no
ac_cv_func_getpwent=yes
ac_cv_func_getpwnam=yes
ac_cv_func_getpwuid=yes
ac_cv_func_getrlimit=yes
ac_cv_func_gettimeofday=yes
ac_cv_func_getwd=yes
ac_cv_func_iswupper=yes
ac_cv_func_lstat=yes
ac_cv_func_memcmp=yes
ac_cv_func_memset=yes
ac_cv_func_mkdtemp=yes
ac_cv_func_nanosleep=yes
ac_cv_func_opendir=yes
ac_cv_func_putenv=yes
ac_cv_func_qsort=yes
ac_cv_func_readlink=yes
ac_cv_func_remove=yes
ac_cv_func_select=yes
ac_cv_func_setenv=yes
ac_cv_func_setpgid=yes
ac_cv_func_setsid=yes
ac_cv_func_shmat=yes
ac_cv_func_sigaction=yes
ac_cv_func_sigaltstack=yes
ac_cv_func_sigset=yes
ac_cv_func_sigsetjmp=no
ac_cv_func_sigstack=yes
ac_cv_func_sigvec=yes
ac_cv_func_strcasecmp=yes
ac_cv_func_strerror=yes
ac_cv_func_strftime=yes
ac_cv_func_stricmp=no
ac_cv_func_strncasecmp=yes
ac_cv_func_strnicmp=no
ac_cv_func_strpbrk=yes
ac_cv_func_strtol=yes
ac_cv_func_tgetent=yes
ac_cv_func_towlower=yes
ac_cv_func_towupper=yes
ac_cv_func_usleep=yes
ac_cv_func_utime=yes
ac_cv_func_utimes=yes
ac_cv_have_x='have_x=yes	ac_x_includes='\'''\''	ac_x_libraries='\'''\'''
ac_cv_header_X11_SM_SMlib_h=yes
ac_cv_header_X11_Sunkeysym_h=yes
ac_cv_header_X11_xpm_h=yes
ac_cv_header_dirent_dirent_h=yes
ac_cv_header_dlfcn_h=yes
ac_cv_header_elf_h=yes
ac_cv_header_errno_h=yes
ac_cv_header_fcntl_h=yes
ac_cv_header_frame_h=no
ac_cv_header_iconv_h=yes
ac_cv_header_inttypes_h=yes
ac_cv_header_langinfo_h=yes
ac_cv_header_libc_h=no
ac_cv_header_libgen_h=yes
ac_cv_header_libintl_h=yes
ac_cv_header_locale_h=yes
ac_cv_header_math_h=yes
ac_cv_header_poll_h=yes
ac_cv_header_pwd_h=yes
ac_cv_header_setjmp_h=yes
ac_cv_header_sgtty_h=yes
ac_cv_header_stdarg_h=yes
ac_cv_header_stdc=yes
ac_cv_header_stdint_h=yes
ac_cv_header_stdlib_h=yes
ac_cv_header_string_h=yes
ac_cv_header_strings_h=yes
ac_cv_header_stropts_h=yes
ac_cv_header_sys_access_h=no
ac_cv_header_sys_acl_h=yes
ac_cv_header_sys_ioctl_h=yes
ac_cv_header_sys_param_h=yes
ac_cv_header_sys_poll_h=yes
ac_cv_header_sys_ptem_h=no
ac_cv_header_sys_resource_h=yes
ac_cv_header_sys_select_h=yes
ac_cv_header_sys_statfs_h=yes
ac_cv_header_sys_stream_h=no
ac_cv_header_sys_sysctl_h=yes
ac_cv_header_sys_sysinfo_h=yes
ac_cv_header_sys_systeminfo_h=no
ac_cv_header_sys_time_h=yes
ac_cv_header_sys_types_h=yes
ac_cv_header_sys_utsname_h=yes
ac_cv_header_sys_wait_h=yes
ac_cv_header_termcap_h=yes
ac_cv_header_termio_h=yes
ac_cv_header_termios_h=yes
ac_cv_header_time=yes
ac_cv_header_unistd_h=yes
ac_cv_header_util_debug_h=no
ac_cv_header_util_msg18n_h=no
ac_cv_header_utime_h=yes
ac_cv_header_wchar_h=yes
ac_cv_header_wctype_h=yes
ac_cv_lib_ICE_IceConnectionNumber=yes
ac_cv_lib_ICE_IceOpenConnection=yes
ac_cv_lib_Xdmcp__XdmcpAuthDoIt=yes
ac_cv_lib_Xpm_XpmCreatePixmapFromData=yes
ac_cv_lib_acl_acl_get_file=yes
ac_cv_lib_attr_fgetxattr=yes
ac_cv_lib_elf_main=no
ac_cv_lib_m_strtod=yes
ac_cv_lib_ncurses___tgetent=yes
ac_cv_lib_nsl_gethostbyname=yes
ac_cv_lib_posix1e_acl_get_file=no
ac_cv_lib_sec_acl_get=no
ac_cv_lib_selinux_is_selinux_enabled=no
ac_cv_lib_socket_socket=no
ac_cv_lib_tinfo___tgetent=no
ac_cv_lib_xpg4__xpg4_setrunelocale=no
ac_cv_objext=o
ac_cv_path_EGREP='/usr/bin/grep -E'
ac_cv_path_GREP=/usr/bin/grep
ac_cv_path_PKG_CONFIG=/usr/bin/pkg-config
ac_cv_path_vi_cv_path_python3=/usr/bin/python3
ac_cv_path_vi_cv_path_python=/usr/bin/python2
ac_cv_path_vi_cv_path_ruby=/usr/bin/ruby
ac_cv_prog_AWK=gawk
ac_cv_prog_CPP='gcc -E'
ac_cv_prog_MSGFMT=msgfmt
ac_cv_prog_STRIP=strip
ac_cv_prog_ac_ct_CC=gcc
ac_cv_prog_cc_c89=
ac_cv_prog_cc_g=yes
ac_cv_prog_gcc_traditional=no
ac_cv_prog_make_make_set=yes
ac_cv_search_opendir='none required'
ac_cv_search_strerror='none required'
ac_cv_sizeof_int=4
ac_cv_sizeof_long=4
ac_cv_sizeof_off_t=8
ac_cv_sizeof_time_t=4
ac_cv_small_wchar_t=no
ac_cv_sys_file_offset_bits=64
ac_cv_sys_largefile_CC=no
ac_cv_sys_largefile_source=no
ac_cv_type_dev_t=yes
ac_cv_type_ino_t=yes
ac_cv_type_mode_t=yes
ac_cv_type_off_t=yes
ac_cv_type_pid_t=yes
ac_cv_type_rlim_t=yes
ac_cv_type_signal=void
ac_cv_type_size_t=yes
ac_cv_type_stack_t=yes
ac_cv_type_uid_t=yes
cf_cv_ebcdic=no
vi_cv_have_gpm=yes
vi_cv_have_sysmouse=no
vi_cv_path_python3=/usr/bin/python3
vi_cv_path_python3_conf=/usr/lib/python3.3/config-3.3m
vi_cv_path_python3_epfx=/usr
vi_cv_path_python3_pfx=/usr
vi_cv_path_python3_plibs='-L/usr/lib/python3.3/config-3.3m -lpython3.3m -lpthread -ldl -lutil -lm'
vi_cv_path_python3path=:/usr/lib/python33.zip:/usr/lib/python3.3:/usr/lib/python3.3/plat-linux:/usr/lib/python3.3/lib-dynload:/usr/lib/python3.3/site-packages
vi_cv_path_python=/usr/bin/python2
vi_cv_path_python_conf=/usr/lib/python2.7/config
vi_cv_path_python_epfx=/usr
vi_cv_path_python_pfx=/usr
vi_cv_path_python_plibs='-L/usr/lib/python2.7/config -lpython2.7 -lpthread -ldl -lutil -lm -Xlinker -export-dynamic'
vi_cv_path_pythonpath=:/usr/lib/python2.7/site-packages/setuptools-0.6c12dev_r88846-py2.7.egg:/usr/lib/python2.7/site-packages/SchemaSync-0.9.2-py2.7.egg:/usr/lib/python2.7/site-packages/SchemaObject-0.5.3-py2.7.egg:/usr/lib/python2.7/site-packages/i18n-0.2-py2.7.egg:/usr/lib/python2.7/site-packages/py-1.4.12-py2.7.egg:/usr/lib/python2.7/site-packages/livereload-0.13-py2.7.egg:/usr/lib/python2.7/site-packages/docopt-0.5.0-py2.7.egg:/usr/lib/python2.7/site-packages/tornado-2.4.1-py2.7.egg:/usr/lib/python2.7/site-packages/gdata-2.0.15-py2.7.egg:/usr/lib/python27.zip:/usr/lib/python2.7:/usr/lib/python2.7/plat-linux2:/usr/lib/python2.7/lib-tk:/usr/lib/python2.7/lib-old:/usr/lib/python2.7/lib-dynload:/usr/lib/python2.7/site-packages:/usr/lib/python2.7/site-packages/gtk-2.0:/usr/lib/python2.7/site-packages/setuptools-0.6c11.egg-info
vi_cv_path_ruby=/usr/bin/ruby
vi_cv_var_python3_abiflags=m
vi_cv_var_python3_version=3.3
vi_cv_var_python_version=2.7
vim_cv_getcwd_broken=no
vim_cv_memmove_handles_overlap=yes
vim_cv_stat_ignores_slash=no
vim_cv_terminfo=yes
vim_cv_tgent=zero
vim_cv_toupper_broken=no
vim_cv_tty_group=world

## ----------------- ##
## Output variables. ##
## ----------------- ##

AWK='gawk'
CC='gcc'
CFLAGS='-g -O2 -U_FORTIFY_SOURCE -D_FORTIFY_SOURCE=1'
CPP='gcc -E'
CPPFLAGS=' -I/usr/local/include'
CPP_MM='M'
DEFS='-DHAVE_CONFIG_H'
DEPEND_CFLAGS_FILTER='| sed '\''s+-I */+-isystem /+g'\'''
ECHO_C=''
ECHO_N='-n'
ECHO_T=''
EGREP='/usr/bin/grep -E'
EXEEXT=''
EXNAME='ex'
GNOME_INCLUDEDIR=''
GNOME_LIBDIR=''
GNOME_LIBS=''
GREP='/usr/bin/grep'
GTK_CFLAGS='-pthread -I/usr/include/gtk-2.0 -I/usr/lib/gtk-2.0/include -I/usr/include/pango-1.0 -I/usr/include/atk-1.0 -I/usr/include/cairo -I/usr/include/pixman-1 -I/usr/include/libdrm -I/usr/include/libpng16 -I/usr/include/gdk-pixbuf-2.0 -I/usr/include/libpng16 -I/usr/include/pango-1.0 -I/usr/include/harfbuzz -I/usr/include/pango-1.0 -I/usr/include/glib-2.0 -I/usr/lib/glib-2.0/include -I/usr/include/freetype2 '
GTK_LIBNAME='-lgtk-x11-2.0 -lgdk-x11-2.0 -lpangocairo-1.0 -latk-1.0 -lcairo -lgdk_pixbuf-2.0 -lgio-2.0 -lpangoft2-1.0 -lpango-1.0 -lgobject-2.0 -lglib-2.0 -lfreetype -lfontconfig '
GTK_LIBS='-lgtk-x11-2.0 -lgdk-x11-2.0 -lpangocairo-1.0 -latk-1.0 -lcairo -lgdk_pixbuf-2.0 -lgio-2.0 -lpangoft2-1.0 -lpango-1.0 -lgobject-2.0 -lglib-2.0 -lfreetype -lfontconfig '
GUITYPE='GTK'
GUI_INC_LOC='-pthread -I/usr/include/gtk-2.0 -I/usr/lib/gtk-2.0/include -I/usr/include/pango-1.0 -I/usr/include/atk-1.0 -I/usr/include/cairo -I/usr/include/pixman-1 -I/usr/include/libdrm -I/usr/include/libpng16 -I/usr/include/gdk-pixbuf-2.0 -I/usr/include/libpng16 -I/usr/include/pango-1.0 -I/usr/include/harfbuzz -I/usr/include/pango-1.0 -I/usr/include/glib-2.0 -I/usr/lib/glib-2.0/include -I/usr/include/freetype2 '
GUI_LIB_LOC=''
GUI_X_LIBS=''
HANGULIN_OBJ=''
HANGULIN_SRC=''
INSTALL_LANGS='install-languages'
INSTALL_TOOL_LANGS='install-tool-languages'
LDFLAGS='-L. -Wl,-O1,--sort-common,--as-needed,-z,relro -fstack-protector -rdynamic -Wl,-export-dynamic  -L/usr/local/lib -Wl,--as-needed'
LIBOBJS=''
LIBS='-lm -lncurses -lnsl   -lacl -lattr -lgpm -ldl'
LINK_AS_NEEDED='yes'
LTLIBOBJS=''
LUA_CFLAGS=''
LUA_LIBS=''
LUA_OBJ=''
LUA_PRO=''
LUA_SRC=''
MAKEMO='yes'
MOTIF_LIBNAME=''
MSGFMT='msgfmt'
MZSCHEME_CFLAGS=''
MZSCHEME_EXTRA=''
MZSCHEME_LIBS=''
MZSCHEME_MZC=''
MZSCHEME_OBJ=''
MZSCHEME_PRO=''
MZSCHEME_SRC=''
NARROW_PROTO=''
NETBEANS_OBJ='objects/netbeans.o'
NETBEANS_SRC='netbeans.c'
OBJEXT='o'
OS_EXTRA_OBJ=''
OS_EXTRA_SRC=''
PACKAGE_BUGREPORT=''
PACKAGE_NAME=''
PACKAGE_STRING=''
PACKAGE_TARNAME=''
PACKAGE_URL=''
PACKAGE_VERSION=''
PATH_SEPARATOR=':'
PERL_CFLAGS=''
PERL_LIBS=''
PERL_OBJ=''
PERL_PRO=''
PERL_SRC=''
PKG_CONFIG='/usr/bin/pkg-config'
PYTHON3_CFLAGS=''
PYTHON3_CONFDIR=''
PYTHON3_LIBS=''
PYTHON3_OBJ=''
PYTHON3_SRC=''
PYTHON_CFLAGS='-I/usr/include/python2.7 -DPYTHON_HOME=\"/usr\" -pthread'
PYTHON_CONFDIR='/usr/lib/python2.7/config'
PYTHON_GETPATH_CFLAGS='-DPYTHONPATH='\''":/usr/lib/python2.7/site-packages/setuptools-0.6c12dev_r88846-py2.7.egg:/usr/lib/python2.7/site-packages/SchemaSync-0.9.2-py2.7.egg:/usr/lib/python2.7/site-packages/SchemaObject-0.5.3-py2.7.egg:/usr/lib/python2.7/site-packages/i18n-0.2-py2.7.egg:/usr/lib/python2.7/site-packages/py-1.4.12-py2.7.egg:/usr/lib/python2.7/site-packages/livereload-0.13-py2.7.egg:/usr/lib/python2.7/site-packages/docopt-0.5.0-py2.7.egg:/usr/lib/python2.7/site-packages/tornado-2.4.1-py2.7.egg:/usr/lib/python2.7/site-packages/gdata-2.0.15-py2.7.egg:/usr/lib/python27.zip:/usr/lib/python2.7:/usr/lib/python2.7/plat-linux2:/usr/lib/python2.7/lib-tk:/usr/lib/python2.7/lib-old:/usr/lib/python2.7/lib-dynload:/usr/lib/python2.7/site-packages:/usr/lib/python2.7/site-packages/gtk-2.0:/usr/lib/python2.7/site-packages/setuptools-0.6c11.egg-info"'\'' -DPREFIX='\''"/usr"'\'' -DEXEC_PREFIX='\''"/usr"'\'''
PYTHON_LIBS='-L/usr/lib/python2.7/config -lpython2.7 -lpthread -ldl -lutil -lm -Xlinker -export-dynamic'
PYTHON_OBJ='objects/if_python.o'
PYTHON_SRC='if_python.c'
QUOTESED='sed -e '\''s/[\\"]/\\&/g'\'' -e '\''s/\\"/"/'\'' -e '\''s/\\";$$/";/'\'''
RUBY_CFLAGS='-I/usr/include/ruby-2.0.0 -I/usr/include/ruby-2.0.0/i686-linux -DRUBY_VERSION=20'
RUBY_LIBS='-lruby -lpthread -lrt -ldl -lcrypt -lm  -L/usr/lib'
RUBY_OBJ='objects/if_ruby.o'
RUBY_PRO='if_ruby.pro'
RUBY_SRC='if_ruby.c'
SET_MAKE=''
SHELL='/bin/sh'
SNIFF_OBJ=''
SNIFF_SRC=''
STRIP='strip'
TAGPRG='ctags -I INIT+ --fields=+S'
TCL_CFLAGS=''
TCL_LIBS=''
TCL_OBJ=''
TCL_PRO=''
TCL_SRC=''
VIEWNAME='view'
VIMNAME='vim'
WORKSHOP_OBJ=''
WORKSHOP_SRC=''
XCODE_SELECT=''
XMKMF=''
X_CFLAGS=' '
X_EXTRA_LIBS=' -lXdmcp -lSM -lICE'
X_LIB='-lXt -lX11'
X_LIBS=' '
X_PRE_LIBS=' -lSM -lICE -lXpm'
ac_ct_CC='gcc'
bindir='${exec_prefix}/bin'
build_alias=''
compiledby=''
datadir='${datarootdir}'
datarootdir='${prefix}/share'
docdir='${datarootdir}/doc/${PACKAGE}'
dogvimdiff='installgvimdiff'
dovimdiff='installvimdiff'
dvidir='${docdir}'
exec_prefix='${prefix}'
host_alias=''
htmldir='${docdir}'
includedir='${prefix}/include'
infodir='${datarootdir}/info'
libdir='${exec_prefix}/lib'
libexecdir='${exec_prefix}/libexec'
line_break='"\\012"'
localedir='${datarootdir}/locale'
localstatedir='${prefix}/var'
mandir='${datarootdir}/man'
oldincludedir='/usr/include'
pdfdir='${docdir}'
prefix='/usr/local'
program_transform_name='s,x,x,'
psdir='${docdir}'
sbindir='${exec_prefix}/sbin'
sharedstatedir='${prefix}/com'
shrpenv=''
sysconfdir='${prefix}/etc'
target_alias=''
vi_cv_path_lua=''
vi_cv_path_mzscheme=''
vi_cv_path_perl=''
vi_cv_path_python3='/usr/bin/python3'
vi_cv_path_python='/usr/bin/python2'
vi_cv_path_ruby='/usr/bin/ruby'
vi_cv_path_tcl=''
vi_cv_perllib=''
xmkmfpath=''

## ----------- ##
## confdefs.h. ##
## ----------- ##

/* confdefs.h */
#define PACKAGE_NAME ""
#define PACKAGE_TARNAME ""
#define PACKAGE_VERSION ""
#define PACKAGE_STRING ""
#define PACKAGE_BUGREPORT ""
#define PACKAGE_URL ""
#define UNIX 1
#define STDC_HEADERS 1
#define HAVE_SYS_WAIT_H 1
#define FEAT_NORMAL 1
#define USE_XSMP_INTERACT 1
#define FEAT_PYTHON 1
#define FEAT_RUBY 1
#define HAVE_LIBNSL 1
#define FEAT_NETBEANS_INTG 1
#define HAVE_X11 1
#define HAVE_GTK_MULTIHEAD 1
#define HAVE_X11_SM_SMLIB_H 1
#define HAVE_X11_XPM_H 1
#define HAVE_X11_SUNKEYSYM_H 1
#define FEAT_XIM 1
#define HAVE_DATE_TIME 1
#define HAVE_ATTRIBUTE_UNUSED 1
#define HAVE_DIRENT_H 1
#define HAVE_STDARG_H 1
#define HAVE_STDINT_H 1
#define HAVE_STDLIB_H 1
#define HAVE_STRING_H 1
#define HAVE_SYS_SELECT_H 1
#define HAVE_SYS_UTSNAME_H 1
#define HAVE_TERMCAP_H 1
#define HAVE_FCNTL_H 1
#define HAVE_SGTTY_H 1
#define HAVE_SYS_IOCTL_H 1
#define HAVE_SYS_TIME_H 1
#define HAVE_SYS_TYPES_H 1
#define HAVE_TERMIO_H 1
#define HAVE_ICONV_H 1
#define HAVE_INTTYPES_H 1
#define HAVE_LANGINFO_H 1
#define HAVE_MATH_H 1
#define HAVE_UNISTD_H 1
#define HAVE_STROPTS_H 1
#define HAVE_ERRNO_H 1
#define HAVE_SYS_RESOURCE_H 1
#define HAVE_LOCALE_H 1
#define HAVE_TERMIOS_H 1
#define HAVE_SYS_STATFS_H 1
#define HAVE_POLL_H 1
#define HAVE_SYS_POLL_H 1
#define HAVE_PWD_H 1
#define HAVE_UTIME_H 1
#define HAVE_SYS_PARAM_H 1
#define HAVE_LIBINTL_H 1
#define HAVE_LIBGEN_H 1
#define HAVE_SYS_ACL_H 1
#define HAVE_SYS_SYSINFO_H 1
#define HAVE_WCHAR_H 1
#define HAVE_WCTYPE_H 1
#define HAVE_SYS_SYSCTL_H 1
#define HAVE_STRINGS_H 1
#define TIME_WITH_SYS_TIME 1
#define HAVE_LIBNCURSES 1
#define TERMINFO 1
#define TGETENT_ZERO_ERR 0
#define HAVE_OSPEED 1
#define HAVE_UP_BC_PC 1
#define SYS_SELECT_WITH_SYS_TIME 1
#define HAVE_SVR4_PTYS 1
#define RETSIGTYPE void
#define SIGRETURN return
#define HAVE_SIGCONTEXT 1
#define HAVE_BCMP 1
#define HAVE_FCHDIR 1
#define HAVE_FCHOWN 1
#define HAVE_FSYNC 1
#define HAVE_GETCWD 1
#define HAVE_GETPWENT 1
#define HAVE_GETPWNAM 1
#define HAVE_GETPWUID 1
#define HAVE_GETRLIMIT 1
#define HAVE_GETTIMEOFDAY 1
#define HAVE_GETWD 1
#define HAVE_LSTAT 1
#define HAVE_MEMCMP 1
#define HAVE_MEMSET 1
#define HAVE_MKDTEMP 1
#define HAVE_NANOSLEEP 1
#define HAVE_OPENDIR 1
#define HAVE_PUTENV 1
#define HAVE_QSORT 1
#define HAVE_READLINK 1
#define HAVE_SELECT 1
#define HAVE_SETENV 1
#define HAVE_SETPGID 1
#define HAVE_SETSID 1
#define HAVE_SIGALTSTACK 1
#define HAVE_SIGSTACK 1
#define HAVE_SIGSET 1
#define HAVE_SIGACTION 1
#define HAVE_SIGVEC 1
#define HAVE_STRCASECMP 1
#define HAVE_STRERROR 1
#define HAVE_STRFTIME 1
#define HAVE_STRNCASECMP 1
#define HAVE_STRPBRK 1
#define HAVE_STRTOL 1
#define HAVE_TGETENT 1
#define HAVE_TOWLOWER 1
#define HAVE_TOWUPPER 1
#define HAVE_ISWUPPER 1
#define HAVE_USLEEP 1
#define HAVE_UTIME 1
#define HAVE_UTIMES 1
#define HAVE_FSEEKO 1
#define _FILE_OFFSET_BITS 64
#define HAVE_ST_BLKSIZE 1
#define HAVE_ICONV 1
#define HAVE_NL_LANGINFO_CODESET 1
#define HAVE_LIBM 1
#define HAVE_FLOAT_FUNCS 1
#define HAVE_POSIX_ACL 1
#define HAVE_GPM 1
#define HAVE_FD_CLOEXEC 1
#define HAVE_RENAME 1
#define HAVE_SYSINFO 1
#define HAVE_SYSINFO_MEM_UNIT 1
#define HAVE_SYSCONF 1
#define SIZEOF_INT 4
#define SIZEOF_LONG 4
#define SIZEOF_TIME_T 4
#define SIZEOF_OFF_T 8
#define USEMEMMOVE 1
#define USEMAN_S 1
#define HAVE_GETTEXT 1
#define HAVE_BIND_TEXTDOMAIN_CODESET 1
#define HAVE_NL_MSG_CAT_CNTR 1
#define HAVE_DLFCN_H 1
#define HAVE_DLOPEN 1
#define HAVE_DLSYM 1
#define HAVE_SETJMP_H 1

configure: exit 0
